<?xml version="1.0" encoding="UTF-8"?>
<TestRun id="b2c113f4-e9e2-4a10-b614-6d7e0891ccb2" name="broadcastzero@BZ-LAPTOP 2012-03-15 09:05:46" runUser="bz-LAPTOP\broadcastzero" xmlns="http://microsoft.com/schemas/VisualStudio/TeamTest/2010">
  <TestSettings name="Local" id="ab2dda47-df62-4ee6-a16b-845126e8200d">
    <Description>These are default test settings for a local test run.</Description>
    <Deployment enabled="false" runDeploymentRoot="broadcastzero_BZ-LAPTOP 2012-03-15 09_05_46">
      <DeploymentItem filename="C:\Users\broadcastzero\0 FH\4. Semester\SWE2\0 Backoffice\EPU-Backoffice\EPU-Backoffice\bin\Debug\EPU-Backoffice.exe" />
      <DeploymentItem filename="C:\Users\broadcastzero\0 FH\4. Semester\SWE2\0 Backoffice\EPU-Backoffice\System.Data.SQLite.dll" />
    </Deployment>
    <Execution>
      <TestTypeSpecific />
      <AgentRule name="Execution Agents">
      </AgentRule>
    </Execution>
  </TestSettings>
  <Times creation="2012-03-15T09:05:46.5049702+01:00" queuing="2012-03-15T09:05:46.5819746+01:00" start="2012-03-15T09:05:46.6089761+01:00" finish="2012-03-15T09:05:46.8939925+01:00" />
  <ResultSummary outcome="Completed">
    <Counters total="3" executed="3" passed="3" error="0" failed="0" timeout="0" aborted="0" inconclusive="0" passedButRunAborted="0" notRunnable="0" notExecuted="0" disconnected="0" warning="0" completed="0" inProgress="0" pending="0" />
  </ResultSummary>
  <TestDefinitions>
    <UnitTest name="checkLogfileExistanceTest" storage="c:\users\broadcastzero\0 fh\4. semester\swe2\0 backoffice\epu-backoffice\backofficetests\bin\debug\backofficetests.dll" id="987a42ac-cba2-27f1-f65e-b7861f9b9aff">
      <Execution id="c87fd3eb-3823-4229-91d0-7b7a7abea582" />
      <TestMethod codeBase="C:/Users/broadcastzero/0 FH/4. Semester/SWE2/0 Backoffice/EPU-Backoffice/BackofficeTests/bin/Debug/BackofficeTests.DLL" adapterTypeName="Microsoft.VisualStudio.TestTools.TestTypes.Unit.UnitTestAdapter, Microsoft.VisualStudio.QualityTools.Tips.UnitTest.Adapter, Version=10.0.0.0, Culture=neutral, PublicKeyToken=b03f5f7f11d50a3a" className="BackofficeTests.DataBaseConnectorTest, BackofficeTests, Version=1.0.0.0, Culture=neutral, PublicKeyToken=null" name="checkLogfileExistanceTest" />
    </UnitTest>
    <UnitTest name="checkDataBaseExistanceTest1" storage="c:\users\broadcastzero\0 fh\4. semester\swe2\0 backoffice\epu-backoffice\backofficetests\bin\debug\backofficetests.dll" id="18323371-49ff-3213-27a2-1f00b51e3e32">
      <Execution id="43387cf4-f7ff-43f9-9aaf-987130598e17" />
      <TestMethod codeBase="C:/Users/broadcastzero/0 FH/4. Semester/SWE2/0 Backoffice/EPU-Backoffice/BackofficeTests/bin/Debug/BackofficeTests.DLL" adapterTypeName="Microsoft.VisualStudio.TestTools.TestTypes.Unit.UnitTestAdapter, Microsoft.VisualStudio.QualityTools.Tips.UnitTest.Adapter, Version=10.0.0.0, Culture=neutral, PublicKeyToken=b03f5f7f11d50a3a" className="BackofficeTests.DataBaseConnectorTest, BackofficeTests, Version=1.0.0.0, Culture=neutral, PublicKeyToken=null" name="checkDataBaseExistanceTest1" />
    </UnitTest>
    <UnitTest name="checkDataBaseExistanceTest2" storage="c:\users\broadcastzero\0 fh\4. semester\swe2\0 backoffice\epu-backoffice\backofficetests\bin\debug\backofficetests.dll" id="bec93e86-8b92-e2a7-8084-af5fc8a0b81c">
      <Execution id="751be35c-e6a6-4dea-a06d-bd88279d5e09" />
      <TestMethod codeBase="C:/Users/broadcastzero/0 FH/4. Semester/SWE2/0 Backoffice/EPU-Backoffice/BackofficeTests/bin/Debug/BackofficeTests.DLL" adapterTypeName="Microsoft.VisualStudio.TestTools.TestTypes.Unit.UnitTestAdapter, Microsoft.VisualStudio.QualityTools.Tips.UnitTest.Adapter, Version=10.0.0.0, Culture=neutral, PublicKeyToken=b03f5f7f11d50a3a" className="BackofficeTests.DataBaseConnectorTest, BackofficeTests, Version=1.0.0.0, Culture=neutral, PublicKeyToken=null" name="checkDataBaseExistanceTest2" />
    </UnitTest>
  </TestDefinitions>
  <TestLists>
    <TestList name="Results Not in a List" id="8c84fa94-04c1-424b-9868-57a2d4851a1d" />
    <TestList name="All Loaded Results" id="19431567-8539-422a-85d7-44ee4e166bda" />
  </TestLists>
  <TestEntries>
    <TestEntry testId="18323371-49ff-3213-27a2-1f00b51e3e32" executionId="43387cf4-f7ff-43f9-9aaf-987130598e17" testListId="8c84fa94-04c1-424b-9868-57a2d4851a1d" />
    <TestEntry testId="987a42ac-cba2-27f1-f65e-b7861f9b9aff" executionId="c87fd3eb-3823-4229-91d0-7b7a7abea582" testListId="8c84fa94-04c1-424b-9868-57a2d4851a1d" />
    <TestEntry testId="bec93e86-8b92-e2a7-8084-af5fc8a0b81c" executionId="751be35c-e6a6-4dea-a06d-bd88279d5e09" testListId="8c84fa94-04c1-424b-9868-57a2d4851a1d" />
  </TestEntries>
  <Results>
    <UnitTestResult executionId="43387cf4-f7ff-43f9-9aaf-987130598e17" testId="18323371-49ff-3213-27a2-1f00b51e3e32" testName="checkDataBaseExistanceTest1" computerName="BZ-LAPTOP" duration="00:00:00.0132448" startTime="2012-03-15T09:05:46.6259771+01:00" endTime="2012-03-15T09:05:46.8649908+01:00" testType="13cdc9d9-ddb5-4fa4-a97d-d965ccfc6d4b" outcome="Passed" testListId="8c84fa94-04c1-424b-9868-57a2d4851a1d" relativeResultsDirectory="43387cf4-f7ff-43f9-9aaf-987130598e17">
      <Output>
        <DebugTrace>Database path set in config file.
</DebugTrace>
      </Output>
    </UnitTestResult>
    <UnitTestResult executionId="c87fd3eb-3823-4229-91d0-7b7a7abea582" testId="987a42ac-cba2-27f1-f65e-b7861f9b9aff" testName="checkLogfileExistanceTest" computerName="BZ-LAPTOP" duration="00:00:00.0012272" startTime="2012-03-15T09:05:46.8669909+01:00" endTime="2012-03-15T09:05:46.8719912+01:00" testType="13cdc9d9-ddb5-4fa4-a97d-d965ccfc6d4b" outcome="Passed" testListId="8c84fa94-04c1-424b-9868-57a2d4851a1d" relativeResultsDirectory="c87fd3eb-3823-4229-91d0-7b7a7abea582">
      <Output>
        <DebugTrace>No entry 'SQLite' in config file.
</DebugTrace>
      </Output>
    </UnitTestResult>
    <UnitTestResult executionId="751be35c-e6a6-4dea-a06d-bd88279d5e09" testId="bec93e86-8b92-e2a7-8084-af5fc8a0b81c" testName="checkDataBaseExistanceTest2" computerName="BZ-LAPTOP" duration="00:00:00.0004537" startTime="2012-03-15T09:05:46.8729912+01:00" endTime="2012-03-15T09:05:46.8779915+01:00" testType="13cdc9d9-ddb5-4fa4-a97d-d965ccfc6d4b" outcome="Passed" testListId="8c84fa94-04c1-424b-9868-57a2d4851a1d" relativeResultsDirectory="751be35c-e6a6-4dea-a06d-bd88279d5e09">
      <Output>
        <DebugTrace>Given file path is wrong. File does not exist!
</DebugTrace>
      </Output>
    </UnitTestResult>
  </Results>
</TestRun>