<?xml version="1.0" encoding="UTF-8"?>
<TestRun id="0b422033-608b-4c00-b8b3-2af9c26f960b" name="broadcastzero@BZ-LAPTOP 2012-03-13 15:51:13" runUser="bz-LAPTOP\broadcastzero" xmlns="http://microsoft.com/schemas/VisualStudio/TeamTest/2010">
  <TestSettings name="Local" id="ab2dda47-df62-4ee6-a16b-845126e8200d">
    <Description>These are default test settings for a local test run.</Description>
    <Deployment enabled="false" runDeploymentRoot="broadcastzero_BZ-LAPTOP 2012-03-13 15_51_13">
      <DeploymentItem filename="C:\Users\broadcastzero\0 FH\4. Semester\SWE2\0 Backoffice\EPU-Backoffice\EPU-Backoffice\bin\Debug\EPU-Backoffice.exe" />
      <DeploymentItem filename="C:\Users\broadcastzero\0 FH\4. Semester\SWE2\0 Backoffice\EPU-Backoffice\System.Data.SQLite.dll" />
    </Deployment>
    <Execution>
      <TestTypeSpecific />
      <AgentRule name="Execution Agents">
      </AgentRule>
    </Execution>
  </TestSettings>
  <Times creation="2012-03-13T15:51:13.5662197+01:00" queuing="2012-03-13T15:51:14.4086212+01:00" start="2012-03-13T15:51:14.5802215+01:00" finish="2012-03-13T15:51:50.1522030+01:00" />
  <ResultSummary outcome="Error">
    <Counters total="1" executed="1" error="0" failed="0" timeout="0" aborted="1" inconclusive="0" passedButRunAborted="0" notRunnable="0" notExecuted="0" disconnected="0" warning="0" passed="0" completed="0" inProgress="0" pending="0" />
    <RunInfos>
      <RunInfo computerName="BZ-LAPTOP" outcome="Error" timestamp="2012-03-13T15:51:50.1522030+01:00">
        <Text>Test host process exited unexpectedly.</Text>
      </RunInfo>
    </RunInfos>
  </ResultSummary>
  <TestDefinitions>
    <UnitTest name="checkDataBaseExistanceTest" storage="c:\users\broadcastzero\0 fh\4. semester\swe2\0 backoffice\epu-backoffice\backofficetests\bin\debug\backofficetests.dll" id="05813614-d3f0-92df-da4f-a7e05b5a3787">
      <Execution id="ddb88ce7-57e8-416c-a1ef-da3b0ba56053" />
      <TestMethod codeBase="C:/Users/broadcastzero/0 FH/4. Semester/SWE2/0 Backoffice/EPU-Backoffice/BackofficeTests/bin/Debug/BackofficeTests.DLL" adapterTypeName="Microsoft.VisualStudio.TestTools.TestTypes.Unit.UnitTestAdapter, Microsoft.VisualStudio.QualityTools.Tips.UnitTest.Adapter, Version=10.0.0.0, Culture=neutral, PublicKeyToken=b03f5f7f11d50a3a" className="BackofficeTests.DataBaseConnectorTest, BackofficeTests, Version=1.0.0.0, Culture=neutral, PublicKeyToken=null" name="checkDataBaseExistanceTest" />
    </UnitTest>
  </TestDefinitions>
  <TestLists>
    <TestList name="Results Not in a List" id="8c84fa94-04c1-424b-9868-57a2d4851a1d" />
    <TestList name="All Loaded Results" id="19431567-8539-422a-85d7-44ee4e166bda" />
  </TestLists>
  <TestEntries>
    <TestEntry testId="05813614-d3f0-92df-da4f-a7e05b5a3787" executionId="ddb88ce7-57e8-416c-a1ef-da3b0ba56053" testListId="8c84fa94-04c1-424b-9868-57a2d4851a1d" />
  </TestEntries>
  <Results>
    <UnitTestResult executionId="ddb88ce7-57e8-416c-a1ef-da3b0ba56053" testId="05813614-d3f0-92df-da4f-a7e05b5a3787" testName="checkDataBaseExistanceTest" computerName="BZ-LAPTOP" duration="00:00:35.4315812" startTime="2012-03-13T15:51:14.7206218+01:00" endTime="2012-03-13T15:51:50.1522030+01:00" testType="13cdc9d9-ddb5-4fa4-a97d-d965ccfc6d4b" outcome="Aborted" testListId="8c84fa94-04c1-424b-9868-57a2d4851a1d" relativeResultsDirectory="ddb88ce7-57e8-416c-a1ef-da3b0ba56053">
    </UnitTestResult>
  </Results>
</TestRun>