<?xml version="1.0" encoding="UTF-8"?>
<TestRun id="36968ff2-4687-408a-9871-9d145fc7cb20" name="broadcastzero@BZ-LAPTOP 2012-03-15 09:11:33" runUser="bz-LAPTOP\broadcastzero" xmlns="http://microsoft.com/schemas/VisualStudio/TeamTest/2010">
  <TestSettings name="Local" id="ab2dda47-df62-4ee6-a16b-845126e8200d">
    <Description>These are default test settings for a local test run.</Description>
    <Deployment enabled="false" runDeploymentRoot="broadcastzero_BZ-LAPTOP 2012-03-15 09_11_33">
      <DeploymentItem filename="C:\Users\broadcastzero\0 FH\4. Semester\SWE2\0 Backoffice\EPU-Backoffice\EPU-Backoffice\bin\Debug\EPU-Backoffice.exe" />
      <DeploymentItem filename="C:\Users\broadcastzero\0 FH\4. Semester\SWE2\0 Backoffice\EPU-Backoffice\System.Data.SQLite.dll" />
    </Deployment>
    <Execution>
      <TestTypeSpecific />
      <AgentRule name="Execution Agents">
      </AgentRule>
    </Execution>
  </TestSettings>
  <Times creation="2012-03-15T09:11:33.7298303+01:00" queuing="2012-03-15T09:11:33.7728328+01:00" start="2012-03-15T09:11:33.7848335+01:00" finish="2012-03-15T09:11:34.0988514+01:00" />
  <ResultSummary outcome="Completed">
    <Counters total="1" executed="1" passed="1" error="0" failed="0" timeout="0" aborted="0" inconclusive="0" passedButRunAborted="0" notRunnable="0" notExecuted="0" disconnected="0" warning="0" completed="0" inProgress="0" pending="0" />
  </ResultSummary>
  <TestDefinitions>
    <UnitTest name="checkDataBaseExistanceTest1" storage="c:\users\broadcastzero\0 fh\4. semester\swe2\0 backoffice\epu-backoffice\backofficetests\bin\debug\backofficetests.dll" id="18323371-49ff-3213-27a2-1f00b51e3e32">
      <Execution id="b5f2ece1-0d95-440d-9a0c-64331a697877" />
      <TestMethod codeBase="C:/Users/broadcastzero/0 FH/4. Semester/SWE2/0 Backoffice/EPU-Backoffice/BackofficeTests/bin/Debug/BackofficeTests.DLL" adapterTypeName="Microsoft.VisualStudio.TestTools.TestTypes.Unit.UnitTestAdapter, Microsoft.VisualStudio.QualityTools.Tips.UnitTest.Adapter, Version=10.0.0.0, Culture=neutral, PublicKeyToken=b03f5f7f11d50a3a" className="BackofficeTests.DataBaseConnectorTest, BackofficeTests, Version=1.0.0.0, Culture=neutral, PublicKeyToken=null" name="checkDataBaseExistanceTest1" />
    </UnitTest>
  </TestDefinitions>
  <TestLists>
    <TestList name="Results Not in a List" id="8c84fa94-04c1-424b-9868-57a2d4851a1d" />
    <TestList name="All Loaded Results" id="19431567-8539-422a-85d7-44ee4e166bda" />
  </TestLists>
  <TestEntries>
    <TestEntry testId="18323371-49ff-3213-27a2-1f00b51e3e32" executionId="b5f2ece1-0d95-440d-9a0c-64331a697877" testListId="8c84fa94-04c1-424b-9868-57a2d4851a1d" />
  </TestEntries>
  <Results>
    <UnitTestResult executionId="b5f2ece1-0d95-440d-9a0c-64331a697877" testId="18323371-49ff-3213-27a2-1f00b51e3e32" testName="checkDataBaseExistanceTest1" computerName="BZ-LAPTOP" duration="00:00:00.0187548" startTime="2012-03-15T09:11:33.8188354+01:00" endTime="2012-03-15T09:11:34.0788503+01:00" testType="13cdc9d9-ddb5-4fa4-a97d-d965ccfc6d4b" outcome="Passed" testListId="8c84fa94-04c1-424b-9868-57a2d4851a1d" relativeResultsDirectory="b5f2ece1-0d95-440d-9a0c-64331a697877">
      <Output>
        <DebugTrace>Database path set in config file.
</DebugTrace>
      </Output>
    </UnitTestResult>
  </Results>
</TestRun>