<?xml version="1.0" encoding="UTF-8"?>
<TestRun id="c2e7640f-8453-4469-91e7-7d46105da8c0" name="broadcastzero@BZ-LAPTOP 2012-03-13 16:00:48" runUser="bz-LAPTOP\broadcastzero" xmlns="http://microsoft.com/schemas/VisualStudio/TeamTest/2010">
  <TestSettings name="Local" id="ab2dda47-df62-4ee6-a16b-845126e8200d">
    <Description>These are default test settings for a local test run.</Description>
    <Deployment enabled="false" runDeploymentRoot="broadcastzero_BZ-LAPTOP 2012-03-13 16_00_48">
      <DeploymentItem filename="C:\Users\broadcastzero\0 FH\4. Semester\SWE2\0 Backoffice\EPU-Backoffice\EPU-Backoffice\bin\Debug\EPU-Backoffice.exe" />
      <DeploymentItem filename="C:\Users\broadcastzero\0 FH\4. Semester\SWE2\0 Backoffice\EPU-Backoffice\System.Data.SQLite.dll" />
    </Deployment>
    <Execution>
      <TestTypeSpecific />
      <AgentRule name="Execution Agents">
      </AgentRule>
    </Execution>
  </TestSettings>
  <Times creation="2012-03-13T16:00:48.1397002+01:00" queuing="2012-03-13T16:00:48.2267052+01:00" start="2012-03-13T16:00:48.2427061+01:00" finish="2012-03-13T16:00:48.4577184+01:00" />
  <ResultSummary outcome="Completed">
    <Counters total="2" executed="2" passed="2" error="0" failed="0" timeout="0" aborted="0" inconclusive="0" passedButRunAborted="0" notRunnable="0" notExecuted="0" disconnected="0" warning="0" completed="0" inProgress="0" pending="0" />
  </ResultSummary>
  <TestDefinitions>
    <UnitTest name="checkDataBaseExistanceTest" storage="c:\users\broadcastzero\0 fh\4. semester\swe2\0 backoffice\epu-backoffice\backofficetests\bin\debug\backofficetests.dll" id="05813614-d3f0-92df-da4f-a7e05b5a3787">
      <Execution id="7d9ce632-a15e-4bc2-bc8e-2baa21800d91" />
      <TestMethod codeBase="C:/Users/broadcastzero/0 FH/4. Semester/SWE2/0 Backoffice/EPU-Backoffice/BackofficeTests/bin/Debug/BackofficeTests.DLL" adapterTypeName="Microsoft.VisualStudio.TestTools.TestTypes.Unit.UnitTestAdapter, Microsoft.VisualStudio.QualityTools.Tips.UnitTest.Adapter, Version=10.0.0.0, Culture=neutral, PublicKeyToken=b03f5f7f11d50a3a" className="BackofficeTests.DataBaseConnectorTest, BackofficeTests, Version=1.0.0.0, Culture=neutral, PublicKeyToken=null" name="checkDataBaseExistanceTest" />
    </UnitTest>
    <UnitTest name="checkDataBaseExistanceTest1" storage="c:\users\broadcastzero\0 fh\4. semester\swe2\0 backoffice\epu-backoffice\backofficetests\bin\debug\backofficetests.dll" id="18323371-49ff-3213-27a2-1f00b51e3e32">
      <Execution id="d23a2260-9768-4d79-83ab-90f86532883c" />
      <TestMethod codeBase="C:/Users/broadcastzero/0 FH/4. Semester/SWE2/0 Backoffice/EPU-Backoffice/BackofficeTests/bin/Debug/BackofficeTests.DLL" adapterTypeName="Microsoft.VisualStudio.TestTools.TestTypes.Unit.UnitTestAdapter, Microsoft.VisualStudio.QualityTools.Tips.UnitTest.Adapter, Version=10.0.0.0, Culture=neutral, PublicKeyToken=b03f5f7f11d50a3a" className="BackofficeTests.DataBaseConnectorTest, BackofficeTests, Version=1.0.0.0, Culture=neutral, PublicKeyToken=null" name="checkDataBaseExistanceTest1" />
    </UnitTest>
  </TestDefinitions>
  <TestLists>
    <TestList name="Results Not in a List" id="8c84fa94-04c1-424b-9868-57a2d4851a1d" />
    <TestList name="All Loaded Results" id="19431567-8539-422a-85d7-44ee4e166bda" />
  </TestLists>
  <TestEntries>
    <TestEntry testId="05813614-d3f0-92df-da4f-a7e05b5a3787" executionId="7d9ce632-a15e-4bc2-bc8e-2baa21800d91" testListId="8c84fa94-04c1-424b-9868-57a2d4851a1d" />
    <TestEntry testId="18323371-49ff-3213-27a2-1f00b51e3e32" executionId="d23a2260-9768-4d79-83ab-90f86532883c" testListId="8c84fa94-04c1-424b-9868-57a2d4851a1d" />
  </TestEntries>
  <Results>
    <UnitTestResult executionId="7d9ce632-a15e-4bc2-bc8e-2baa21800d91" testId="05813614-d3f0-92df-da4f-a7e05b5a3787" testName="checkDataBaseExistanceTest" computerName="BZ-LAPTOP" duration="00:00:00.0143605" startTime="2012-03-13T16:00:48.2537067+01:00" endTime="2012-03-13T16:00:48.4417175+01:00" testType="13cdc9d9-ddb5-4fa4-a97d-d965ccfc6d4b" outcome="Passed" testListId="8c84fa94-04c1-424b-9868-57a2d4851a1d" relativeResultsDirectory="7d9ce632-a15e-4bc2-bc8e-2baa21800d91">
      <Output>
        <DebugTrace>Database path set in config file.
</DebugTrace>
      </Output>
    </UnitTestResult>
    <UnitTestResult executionId="d23a2260-9768-4d79-83ab-90f86532883c" testId="18323371-49ff-3213-27a2-1f00b51e3e32" testName="checkDataBaseExistanceTest1" computerName="BZ-LAPTOP" duration="00:00:00.0003510" startTime="2012-03-13T16:00:48.4427175+01:00" endTime="2012-03-13T16:00:48.4457177+01:00" testType="13cdc9d9-ddb5-4fa4-a97d-d965ccfc6d4b" outcome="Passed" testListId="8c84fa94-04c1-424b-9868-57a2d4851a1d" relativeResultsDirectory="d23a2260-9768-4d79-83ab-90f86532883c">
      <Output>
        <DebugTrace>Given file path in config file is wrong. File does not exist!
</DebugTrace>
      </Output>
    </UnitTestResult>
  </Results>
</TestRun>