<?xml version="1.0" encoding="UTF-8"?>
<TestRun id="0c349d6e-35a5-49b7-b23b-703aa9b5e884" name="bz@BZ-PC 2012-03-20 09:35:45" runUser="bz-PC\bz" xmlns="http://microsoft.com/schemas/VisualStudio/TeamTest/2010">
  <TestSettings name="Local" id="ab2dda47-df62-4ee6-a16b-845126e8200d">
    <Description>These are default test settings for a local test run.</Description>
    <Deployment enabled="false" runDeploymentRoot="bz_BZ-PC 2012-03-20 09_35_45">
      <DeploymentItem filename="C:\Users\bz\0 FH\SWE 2\swe2_backoffice\EPU-Backoffice\System.Data.SQLite.dll" />
      <DeploymentItem filename="C:\Users\bz\0 FH\SWE 2\swe2_backoffice\EPU-Backoffice\EPU-Backoffice\bin\Debug\EPU-Backoffice.exe" />
    </Deployment>
    <Execution>
      <TestTypeSpecific />
      <AgentRule name="Execution Agents">
      </AgentRule>
    </Execution>
  </TestSettings>
  <Times creation="2012-03-20T09:35:45.3344670+01:00" queuing="2012-03-20T09:35:45.3464677+01:00" start="2012-03-20T09:35:45.4684746+01:00" finish="2012-03-20T09:35:46.2743095+01:00" />
  <ResultSummary outcome="Completed">
    <Counters total="3" executed="3" passed="3" error="0" failed="0" timeout="0" aborted="0" inconclusive="0" passedButRunAborted="0" notRunnable="0" notExecuted="0" disconnected="0" warning="0" completed="0" inProgress="0" pending="0" />
  </ResultSummary>
  <TestDefinitions>
    <UnitTest name="checkLogfileExistanceTest" storage="c:\users\bz\0 fh\swe 2\swe2_backoffice\epu-backoffice\backofficetests\bin\debug\backofficetests.dll" id="987a42ac-cba2-27f1-f65e-b7861f9b9aff">
      <Execution id="88b20f5d-668a-4bf2-877f-f9a9581bf7da" />
      <TestMethod codeBase="C:/Users/bz/0 FH/SWE 2/swe2_backoffice/EPU-Backoffice/BackofficeTests/bin/Debug/BackofficeTests.DLL" adapterTypeName="Microsoft.VisualStudio.TestTools.TestTypes.Unit.UnitTestAdapter, Microsoft.VisualStudio.QualityTools.Tips.UnitTest.Adapter, Version=10.0.0.0, Culture=neutral, PublicKeyToken=b03f5f7f11d50a3a" className="BackofficeTests.DataBaseConnectorTest, BackofficeTests, Version=1.0.0.0, Culture=neutral, PublicKeyToken=null" name="checkLogfileExistanceTest" />
    </UnitTest>
    <UnitTest name="checkDataBaseExistanceTest1" storage="c:\users\bz\0 fh\swe 2\swe2_backoffice\epu-backoffice\backofficetests\bin\debug\backofficetests.dll" id="18323371-49ff-3213-27a2-1f00b51e3e32">
      <Execution id="cf45b8b6-281e-4a07-b425-30cbd36cd9d9" />
      <TestMethod codeBase="C:/Users/bz/0 FH/SWE 2/swe2_backoffice/EPU-Backoffice/BackofficeTests/bin/Debug/BackofficeTests.DLL" adapterTypeName="Microsoft.VisualStudio.TestTools.TestTypes.Unit.UnitTestAdapter, Microsoft.VisualStudio.QualityTools.Tips.UnitTest.Adapter, Version=10.0.0.0, Culture=neutral, PublicKeyToken=b03f5f7f11d50a3a" className="BackofficeTests.DataBaseConnectorTest, BackofficeTests, Version=1.0.0.0, Culture=neutral, PublicKeyToken=null" name="checkDataBaseExistanceTest1" />
    </UnitTest>
    <UnitTest name="checkDataBaseExistanceTest2" storage="c:\users\bz\0 fh\swe 2\swe2_backoffice\epu-backoffice\backofficetests\bin\debug\backofficetests.dll" id="bec93e86-8b92-e2a7-8084-af5fc8a0b81c">
      <Execution id="020f02b9-7dc8-4519-80e5-c7efb5744f71" />
      <TestMethod codeBase="C:/Users/bz/0 FH/SWE 2/swe2_backoffice/EPU-Backoffice/BackofficeTests/bin/Debug/BackofficeTests.DLL" adapterTypeName="Microsoft.VisualStudio.TestTools.TestTypes.Unit.UnitTestAdapter, Microsoft.VisualStudio.QualityTools.Tips.UnitTest.Adapter, Version=10.0.0.0, Culture=neutral, PublicKeyToken=b03f5f7f11d50a3a" className="BackofficeTests.DataBaseConnectorTest, BackofficeTests, Version=1.0.0.0, Culture=neutral, PublicKeyToken=null" name="checkDataBaseExistanceTest2" />
    </UnitTest>
  </TestDefinitions>
  <TestLists>
    <TestList name="Results Not in a List" id="8c84fa94-04c1-424b-9868-57a2d4851a1d" />
    <TestList name="All Loaded Results" id="19431567-8539-422a-85d7-44ee4e166bda" />
  </TestLists>
  <TestEntries>
    <TestEntry testId="18323371-49ff-3213-27a2-1f00b51e3e32" executionId="cf45b8b6-281e-4a07-b425-30cbd36cd9d9" testListId="8c84fa94-04c1-424b-9868-57a2d4851a1d" />
    <TestEntry testId="987a42ac-cba2-27f1-f65e-b7861f9b9aff" executionId="88b20f5d-668a-4bf2-877f-f9a9581bf7da" testListId="8c84fa94-04c1-424b-9868-57a2d4851a1d" />
    <TestEntry testId="bec93e86-8b92-e2a7-8084-af5fc8a0b81c" executionId="020f02b9-7dc8-4519-80e5-c7efb5744f71" testListId="8c84fa94-04c1-424b-9868-57a2d4851a1d" />
  </TestEntries>
  <Results>
    <UnitTestResult executionId="cf45b8b6-281e-4a07-b425-30cbd36cd9d9" testId="18323371-49ff-3213-27a2-1f00b51e3e32" testName="checkDataBaseExistanceTest1" computerName="BZ-PC" duration="00:00:00.0444244" startTime="2012-03-20T09:35:45.4904759+01:00" endTime="2012-03-20T09:35:46.1339092+01:00" testType="13cdc9d9-ddb5-4fa4-a97d-d965ccfc6d4b" outcome="Passed" testListId="8c84fa94-04c1-424b-9868-57a2d4851a1d" relativeResultsDirectory="cf45b8b6-281e-4a07-b425-30cbd36cd9d9">
      <Output>
        <DebugTrace>Database path set in config file.
</DebugTrace>
      </Output>
    </UnitTestResult>
    <UnitTestResult executionId="88b20f5d-668a-4bf2-877f-f9a9581bf7da" testId="987a42ac-cba2-27f1-f65e-b7861f9b9aff" testName="checkLogfileExistanceTest" computerName="BZ-PC" duration="00:00:00.0305877" startTime="2012-03-20T09:35:46.1495093+01:00" endTime="2012-03-20T09:35:46.1963093+01:00" testType="13cdc9d9-ddb5-4fa4-a97d-d965ccfc6d4b" outcome="Passed" testListId="8c84fa94-04c1-424b-9868-57a2d4851a1d" relativeResultsDirectory="88b20f5d-668a-4bf2-877f-f9a9581bf7da">
      <Output>
        <DebugTrace>Using SQLite database
No entry 'SQLite' in config file.
</DebugTrace>
      </Output>
    </UnitTestResult>
    <UnitTestResult executionId="020f02b9-7dc8-4519-80e5-c7efb5744f71" testId="bec93e86-8b92-e2a7-8084-af5fc8a0b81c" testName="checkDataBaseExistanceTest2" computerName="BZ-PC" duration="00:00:00.0011974" startTime="2012-03-20T09:35:46.1963093+01:00" endTime="2012-03-20T09:35:46.2119094+01:00" testType="13cdc9d9-ddb5-4fa4-a97d-d965ccfc6d4b" outcome="Passed" testListId="8c84fa94-04c1-424b-9868-57a2d4851a1d" relativeResultsDirectory="020f02b9-7dc8-4519-80e5-c7efb5744f71">
      <Output>
        <DebugTrace>Given file path is wrong. File does not exist!
</DebugTrace>
      </Output>
    </UnitTestResult>
  </Results>
</TestRun>