<?xml version="1.0" encoding="UTF-8"?>
<TestRun id="65cda03a-34d7-413d-9d21-4de7e7eeb169" name="bz@BZ-PC 2012-03-20 09:35:40" runUser="bz-PC\bz" xmlns="http://microsoft.com/schemas/VisualStudio/TeamTest/2010">
  <TestSettings name="Local" id="ab2dda47-df62-4ee6-a16b-845126e8200d">
    <Description>These are default test settings for a local test run.</Description>
    <Deployment enabled="false" runDeploymentRoot="bz_BZ-PC 2012-03-20 09_35_40">
      <DeploymentItem filename="C:\Users\bz\0 FH\SWE 2\swe2_backoffice\EPU-Backoffice\System.Data.SQLite.dll" />
      <DeploymentItem filename="C:\Users\bz\0 FH\SWE 2\swe2_backoffice\EPU-Backoffice\EPU-Backoffice\bin\Debug\EPU-Backoffice.exe" />
    </Deployment>
    <Execution>
      <TestTypeSpecific />
      <AgentRule name="Execution Agents">
      </AgentRule>
    </Execution>
  </TestSettings>
  <Times creation="2012-03-20T09:35:40.4485458+01:00" queuing="2012-03-20T09:35:42.0702161+01:00" start="2012-03-20T09:35:42.2724259+01:00" finish="2012-03-20T09:35:43.3412585+01:00" />
  <ResultSummary outcome="Completed">
    <Counters total="1" executed="1" passed="1" error="0" failed="0" timeout="0" aborted="0" inconclusive="0" passedButRunAborted="0" notRunnable="0" notExecuted="0" disconnected="0" warning="0" completed="0" inProgress="0" pending="0" />
  </ResultSummary>
  <TestDefinitions>
    <UnitTest name="checkDataBaseExistanceTest2" storage="c:\users\bz\0 fh\swe 2\swe2_backoffice\epu-backoffice\backofficetests\bin\debug\backofficetests.dll" id="bec93e86-8b92-e2a7-8084-af5fc8a0b81c">
      <Execution id="15ed2667-aeb7-4f8a-a2db-e636b3ab695e" />
      <TestMethod codeBase="C:/Users/bz/0 FH/SWE 2/swe2_backoffice/EPU-Backoffice/BackofficeTests/bin/Debug/BackofficeTests.DLL" adapterTypeName="Microsoft.VisualStudio.TestTools.TestTypes.Unit.UnitTestAdapter, Microsoft.VisualStudio.QualityTools.Tips.UnitTest.Adapter, Version=10.0.0.0, Culture=neutral, PublicKeyToken=b03f5f7f11d50a3a" className="BackofficeTests.DataBaseConnectorTest, BackofficeTests, Version=1.0.0.0, Culture=neutral, PublicKeyToken=null" name="checkDataBaseExistanceTest2" />
    </UnitTest>
  </TestDefinitions>
  <TestLists>
    <TestList name="Results Not in a List" id="8c84fa94-04c1-424b-9868-57a2d4851a1d" />
    <TestList name="All Loaded Results" id="19431567-8539-422a-85d7-44ee4e166bda" />
  </TestLists>
  <TestEntries>
    <TestEntry testId="bec93e86-8b92-e2a7-8084-af5fc8a0b81c" executionId="15ed2667-aeb7-4f8a-a2db-e636b3ab695e" testListId="8c84fa94-04c1-424b-9868-57a2d4851a1d" />
  </TestEntries>
  <Results>
    <UnitTestResult executionId="15ed2667-aeb7-4f8a-a2db-e636b3ab695e" testId="bec93e86-8b92-e2a7-8084-af5fc8a0b81c" testName="checkDataBaseExistanceTest2" computerName="BZ-PC" duration="00:00:00.0448410" startTime="2012-03-20T09:35:42.3394297+01:00" endTime="2012-03-20T09:35:43.2320583+01:00" testType="13cdc9d9-ddb5-4fa4-a97d-d965ccfc6d4b" outcome="Passed" testListId="8c84fa94-04c1-424b-9868-57a2d4851a1d" relativeResultsDirectory="15ed2667-aeb7-4f8a-a2db-e636b3ab695e">
      <Output>
        <DebugTrace>Given file path is wrong. File does not exist!
</DebugTrace>
      </Output>
    </UnitTestResult>
  </Results>
</TestRun>