<?xml version="1.0" encoding="UTF-8"?>
<TestRun id="a897cf16-5acc-4385-8785-26a28780158a" name="bz@BZ-PC 2012-03-20 11:45:33" runUser="bz-PC\bz" xmlns="http://microsoft.com/schemas/VisualStudio/TeamTest/2010">
  <TestSettings name="Local" id="ab2dda47-df62-4ee6-a16b-845126e8200d">
    <Description>These are default test settings for a local test run.</Description>
    <Deployment enabled="false" runDeploymentRoot="bz_BZ-PC 2012-03-20 11_45_33">
      <DeploymentItem filename="C:\Users\bz\0 FH\SWE 2\swe2_backoffice\EPU-Backoffice\System.Data.SQLite.dll" />
      <DeploymentItem filename="C:\Users\bz\0 FH\SWE 2\swe2_backoffice\EPU-Backoffice\EPU-Backoffice\bin\Debug\EPU-Backoffice.exe" />
    </Deployment>
    <Execution>
      <TestTypeSpecific />
      <AgentRule name="Execution Agents">
      </AgentRule>
    </Execution>
  </TestSettings>
  <Times creation="2012-03-20T11:45:33.8011735+01:00" queuing="2012-03-20T11:45:33.8561767+01:00" start="2012-03-20T11:45:33.9281808+01:00" finish="2012-03-20T11:45:34.7502278+01:00" />
  <ResultSummary outcome="Completed">
    <Counters total="3" executed="3" passed="3" error="0" failed="0" timeout="0" aborted="0" inconclusive="0" passedButRunAborted="0" notRunnable="0" notExecuted="0" disconnected="0" warning="0" completed="0" inProgress="0" pending="0" />
  </ResultSummary>
  <TestDefinitions>
    <UnitTest name="checkLogfileExistanceTest" storage="c:\users\bz\0 fh\swe 2\swe2_backoffice\epu-backoffice\backofficetests\bin\debug\backofficetests.dll" id="987a42ac-cba2-27f1-f65e-b7861f9b9aff">
      <Execution id="720f5ff0-2d0f-42ca-9091-22b3e93081e3" />
      <TestMethod codeBase="C:/Users/bz/0 FH/SWE 2/swe2_backoffice/EPU-Backoffice/BackofficeTests/bin/Debug/BackofficeTests.DLL" adapterTypeName="Microsoft.VisualStudio.TestTools.TestTypes.Unit.UnitTestAdapter, Microsoft.VisualStudio.QualityTools.Tips.UnitTest.Adapter, Version=10.0.0.0, Culture=neutral, PublicKeyToken=b03f5f7f11d50a3a" className="BackofficeTests.DataBaseConnectorTest, BackofficeTests, Version=1.0.0.0, Culture=neutral, PublicKeyToken=null" name="checkLogfileExistanceTest" />
    </UnitTest>
    <UnitTest name="checkDataBaseExistanceTest1" storage="c:\users\bz\0 fh\swe 2\swe2_backoffice\epu-backoffice\backofficetests\bin\debug\backofficetests.dll" id="18323371-49ff-3213-27a2-1f00b51e3e32">
      <Execution id="43d3a234-284d-4fcf-951b-f45f93cd6b4c" />
      <TestMethod codeBase="C:/Users/bz/0 FH/SWE 2/swe2_backoffice/EPU-Backoffice/BackofficeTests/bin/Debug/BackofficeTests.DLL" adapterTypeName="Microsoft.VisualStudio.TestTools.TestTypes.Unit.UnitTestAdapter, Microsoft.VisualStudio.QualityTools.Tips.UnitTest.Adapter, Version=10.0.0.0, Culture=neutral, PublicKeyToken=b03f5f7f11d50a3a" className="BackofficeTests.DataBaseConnectorTest, BackofficeTests, Version=1.0.0.0, Culture=neutral, PublicKeyToken=null" name="checkDataBaseExistanceTest1" />
    </UnitTest>
    <UnitTest name="checkDataBaseExistanceTest2" storage="c:\users\bz\0 fh\swe 2\swe2_backoffice\epu-backoffice\backofficetests\bin\debug\backofficetests.dll" id="bec93e86-8b92-e2a7-8084-af5fc8a0b81c">
      <Execution id="ee80a6ba-cb91-4485-87b2-1c998a710b90" />
      <TestMethod codeBase="C:/Users/bz/0 FH/SWE 2/swe2_backoffice/EPU-Backoffice/BackofficeTests/bin/Debug/BackofficeTests.DLL" adapterTypeName="Microsoft.VisualStudio.TestTools.TestTypes.Unit.UnitTestAdapter, Microsoft.VisualStudio.QualityTools.Tips.UnitTest.Adapter, Version=10.0.0.0, Culture=neutral, PublicKeyToken=b03f5f7f11d50a3a" className="BackofficeTests.DataBaseConnectorTest, BackofficeTests, Version=1.0.0.0, Culture=neutral, PublicKeyToken=null" name="checkDataBaseExistanceTest2" />
    </UnitTest>
  </TestDefinitions>
  <TestLists>
    <TestList name="Results Not in a List" id="8c84fa94-04c1-424b-9868-57a2d4851a1d" />
    <TestList name="All Loaded Results" id="19431567-8539-422a-85d7-44ee4e166bda" />
  </TestLists>
  <TestEntries>
    <TestEntry testId="18323371-49ff-3213-27a2-1f00b51e3e32" executionId="43d3a234-284d-4fcf-951b-f45f93cd6b4c" testListId="8c84fa94-04c1-424b-9868-57a2d4851a1d" />
    <TestEntry testId="987a42ac-cba2-27f1-f65e-b7861f9b9aff" executionId="720f5ff0-2d0f-42ca-9091-22b3e93081e3" testListId="8c84fa94-04c1-424b-9868-57a2d4851a1d" />
    <TestEntry testId="bec93e86-8b92-e2a7-8084-af5fc8a0b81c" executionId="ee80a6ba-cb91-4485-87b2-1c998a710b90" testListId="8c84fa94-04c1-424b-9868-57a2d4851a1d" />
  </TestEntries>
  <Results>
    <UnitTestResult executionId="43d3a234-284d-4fcf-951b-f45f93cd6b4c" testId="18323371-49ff-3213-27a2-1f00b51e3e32" testName="checkDataBaseExistanceTest1" computerName="BZ-PC" duration="00:00:00.0528902" startTime="2012-03-20T11:45:33.9551823+01:00" endTime="2012-03-20T11:45:34.6042195+01:00" testType="13cdc9d9-ddb5-4fa4-a97d-d965ccfc6d4b" outcome="Passed" testListId="8c84fa94-04c1-424b-9868-57a2d4851a1d" relativeResultsDirectory="43d3a234-284d-4fcf-951b-f45f93cd6b4c">
      <Output>
        <DebugTrace>Database path set in config file.
</DebugTrace>
      </Output>
    </UnitTestResult>
    <UnitTestResult executionId="720f5ff0-2d0f-42ca-9091-22b3e93081e3" testId="987a42ac-cba2-27f1-f65e-b7861f9b9aff" testName="checkLogfileExistanceTest" computerName="BZ-PC" duration="00:00:00.0226877" startTime="2012-03-20T11:45:34.6162201+01:00" endTime="2012-03-20T11:45:34.6622228+01:00" testType="13cdc9d9-ddb5-4fa4-a97d-d965ccfc6d4b" outcome="Passed" testListId="8c84fa94-04c1-424b-9868-57a2d4851a1d" relativeResultsDirectory="720f5ff0-2d0f-42ca-9091-22b3e93081e3">
      <Output>
        <DebugTrace>Using SQLite database
No entry 'SQLite' in config file.
</DebugTrace>
      </Output>
    </UnitTestResult>
    <UnitTestResult executionId="ee80a6ba-cb91-4485-87b2-1c998a710b90" testId="bec93e86-8b92-e2a7-8084-af5fc8a0b81c" testName="checkDataBaseExistanceTest2" computerName="BZ-PC" duration="00:00:00.0010374" startTime="2012-03-20T11:45:34.6832240+01:00" endTime="2012-03-20T11:45:34.6972248+01:00" testType="13cdc9d9-ddb5-4fa4-a97d-d965ccfc6d4b" outcome="Passed" testListId="8c84fa94-04c1-424b-9868-57a2d4851a1d" relativeResultsDirectory="ee80a6ba-cb91-4485-87b2-1c998a710b90">
      <Output>
        <DebugTrace>Given file path is wrong. File does not exist!
</DebugTrace>
      </Output>
    </UnitTestResult>
  </Results>
</TestRun>