<?xml version="1.0" encoding="UTF-8"?>
<TestRun id="a624bbc1-c556-419a-880f-f75dbb9a8162" name="Mexx@MEXX-PC 2012-04-03 14:00:26" runUser="Mexx-PC\Mexx" xmlns="http://microsoft.com/schemas/VisualStudio/TeamTest/2010">
  <TestSettings name="Local" id="ab2dda47-df62-4ee6-a16b-845126e8200d">
    <Description>These are default test settings for a local test run.</Description>
    <Deployment enabled="false" runDeploymentRoot="Mexx_MEXX-PC 2012-04-03 14_00_26">
      <DeploymentItem filename="C:\Users\Mexx\Desktop\FH\4. Semester\SWE 2\Github\swe2_backoffice\EPU-Backoffice\System.Data.SQLite.dll" />
      <DeploymentItem filename="C:\Users\Mexx\Desktop\FH\4. Semester\SWE 2\Github\swe2_backoffice\EPU-Backoffice\EPU-Backoffice\bin\Debug\EPU-Backoffice.exe" />
    </Deployment>
    <Execution>
      <TestTypeSpecific />
      <AgentRule name="Execution Agents">
      </AgentRule>
    </Execution>
  </TestSettings>
  <Times creation="2012-04-03T14:00:26.2981985+02:00" queuing="2012-04-03T14:00:26.3612021+02:00" start="2012-04-03T14:00:26.4522073+02:00" finish="2012-04-03T14:00:26.8622308+02:00" />
  <ResultSummary outcome="Inconclusive">
    <Counters total="11" executed="11" passed="9" error="0" failed="0" timeout="0" aborted="0" inconclusive="2" passedButRunAborted="0" notRunnable="0" notExecuted="0" disconnected="0" warning="0" completed="0" inProgress="0" pending="0" />
  </ResultSummary>
  <TestDefinitions>
    <UnitTest name="checkDataBaseExistanceTest2" storage="c:\users\mexx\desktop\fh\4. semester\swe 2\github\swe2_backoffice\epu-backoffice\backofficetests\bin\debug\backofficetests.dll" id="6970dadb-9f56-c9d4-db6b-6b668bf94610">
      <Execution id="ae48ab9d-0e34-4a7d-ba94-635a3aa75faa" />
      <TestMethod codeBase="C:/Users/Mexx/Desktop/FH/4. Semester/SWE 2/Github/swe2_backoffice/EPU-Backoffice/BackofficeTests/bin/Debug/BackofficeTests.DLL" adapterTypeName="Microsoft.VisualStudio.TestTools.TestTypes.Unit.UnitTestAdapter, Microsoft.VisualStudio.QualityTools.Tips.UnitTest.Adapter, Version=10.0.0.0, Culture=neutral, PublicKeyToken=b03f5f7f11d50a3a" className="BackofficeTests.ConfigFileManagerTest, BackofficeTests, Version=1.0.0.0, Culture=neutral, PublicKeyToken=null" name="checkDataBaseExistanceTest2" />
    </UnitTest>
    <UnitTest name="checkDataBaseExistanceTest1" storage="c:\users\mexx\desktop\fh\4. semester\swe 2\github\swe2_backoffice\epu-backoffice\backofficetests\bin\debug\backofficetests.dll" id="0e0be8c8-7d1d-4e7c-2e1a-8f223116e776">
      <Execution id="bf5587f8-5b0c-45ff-8867-1ee10781bc8b" />
      <TestMethod codeBase="C:/Users/Mexx/Desktop/FH/4. Semester/SWE 2/Github/swe2_backoffice/EPU-Backoffice/BackofficeTests/bin/Debug/BackofficeTests.DLL" adapterTypeName="Microsoft.VisualStudio.TestTools.TestTypes.Unit.UnitTestAdapter, Microsoft.VisualStudio.QualityTools.Tips.UnitTest.Adapter, Version=10.0.0.0, Culture=neutral, PublicKeyToken=b03f5f7f11d50a3a" className="BackofficeTests.ConfigFileManagerTest, BackofficeTests, Version=1.0.0.0, Culture=neutral, PublicKeyToken=null" name="checkDataBaseExistanceTest1" />
    </UnitTest>
    <UnitTest name="saveNewKundeTest0" storage="c:\users\mexx\desktop\fh\4. semester\swe 2\github\swe2_backoffice\epu-backoffice\backofficetests\bin\debug\backofficetests.dll" id="40a51d21-ad3a-c2bf-e291-bb9c53991aa8">
      <Execution id="fad29e9b-0bd5-4f68-8162-534dda2125d3" />
      <TestMethod codeBase="C:/Users/Mexx/Desktop/FH/4. Semester/SWE 2/Github/swe2_backoffice/EPU-Backoffice/BackofficeTests/bin/Debug/BackofficeTests.DLL" adapterTypeName="Microsoft.VisualStudio.TestTools.TestTypes.Unit.UnitTestAdapter, Microsoft.VisualStudio.QualityTools.Tips.UnitTest.Adapter, Version=10.0.0.0, Culture=neutral, PublicKeyToken=b03f5f7f11d50a3a" className="BackofficeTests.GuiDataValidatorTest, BackofficeTests, Version=1.0.0.0, Culture=neutral, PublicKeyToken=null" name="saveNewKundeTest0" />
    </UnitTest>
    <UnitTest name="saveNewKundeTest3" storage="c:\users\mexx\desktop\fh\4. semester\swe 2\github\swe2_backoffice\epu-backoffice\backofficetests\bin\debug\backofficetests.dll" id="9b3a540f-3d0d-46ca-3f2c-7cb273f91b2a">
      <Execution id="ae4edb2c-ec21-4ace-8874-93825596e676" />
      <TestMethod codeBase="C:/Users/Mexx/Desktop/FH/4. Semester/SWE 2/Github/swe2_backoffice/EPU-Backoffice/BackofficeTests/bin/Debug/BackofficeTests.DLL" adapterTypeName="Microsoft.VisualStudio.TestTools.TestTypes.Unit.UnitTestAdapter, Microsoft.VisualStudio.QualityTools.Tips.UnitTest.Adapter, Version=10.0.0.0, Culture=neutral, PublicKeyToken=b03f5f7f11d50a3a" className="BackofficeTests.GuiDataValidatorTest, BackofficeTests, Version=1.0.0.0, Culture=neutral, PublicKeyToken=null" name="saveNewKundeTest3" />
    </UnitTest>
    <UnitTest name="saveNewKundeTest1" storage="c:\users\mexx\desktop\fh\4. semester\swe 2\github\swe2_backoffice\epu-backoffice\backofficetests\bin\debug\backofficetests.dll" id="8f61d8a9-73fe-9160-11f3-e7ef4b006af5">
      <Execution id="713a30c2-c2be-4416-ab19-2b83992eb95a" />
      <TestMethod codeBase="C:/Users/Mexx/Desktop/FH/4. Semester/SWE 2/Github/swe2_backoffice/EPU-Backoffice/BackofficeTests/bin/Debug/BackofficeTests.DLL" adapterTypeName="Microsoft.VisualStudio.TestTools.TestTypes.Unit.UnitTestAdapter, Microsoft.VisualStudio.QualityTools.Tips.UnitTest.Adapter, Version=10.0.0.0, Culture=neutral, PublicKeyToken=b03f5f7f11d50a3a" className="BackofficeTests.GuiDataValidatorTest, BackofficeTests, Version=1.0.0.0, Culture=neutral, PublicKeyToken=null" name="saveNewKundeTest1" />
    </UnitTest>
    <UnitTest name="CreateDataBaseTest" storage="c:\users\mexx\desktop\fh\4. semester\swe 2\github\swe2_backoffice\epu-backoffice\backofficetests\bin\debug\backofficetests.dll" id="8a8da676-6d8e-ed39-c279-5fd64035d021">
      <Execution id="ebd73af3-ba30-4a3d-9540-353d87f44cda" />
      <TestMethod codeBase="C:/Users/Mexx/Desktop/FH/4. Semester/SWE 2/Github/swe2_backoffice/EPU-Backoffice/BackofficeTests/bin/Debug/BackofficeTests.DLL" adapterTypeName="Microsoft.VisualStudio.TestTools.TestTypes.Unit.UnitTestAdapter, Microsoft.VisualStudio.QualityTools.Tips.UnitTest.Adapter, Version=10.0.0.0, Culture=neutral, PublicKeyToken=b03f5f7f11d50a3a" className="BackofficeTests.MockDataBaseManagerTest, BackofficeTests, Version=1.0.0.0, Culture=neutral, PublicKeyToken=null" name="CreateDataBaseTest" />
    </UnitTest>
    <UnitTest name="saveNewKundeTest4" storage="c:\users\mexx\desktop\fh\4. semester\swe 2\github\swe2_backoffice\epu-backoffice\backofficetests\bin\debug\backofficetests.dll" id="d5dec836-675c-ce51-4fc0-1bb720503f84">
      <Execution id="f2ae7285-d777-44b1-b679-97cc9410a620" />
      <TestMethod codeBase="C:/Users/Mexx/Desktop/FH/4. Semester/SWE 2/Github/swe2_backoffice/EPU-Backoffice/BackofficeTests/bin/Debug/BackofficeTests.DLL" adapterTypeName="Microsoft.VisualStudio.TestTools.TestTypes.Unit.UnitTestAdapter, Microsoft.VisualStudio.QualityTools.Tips.UnitTest.Adapter, Version=10.0.0.0, Culture=neutral, PublicKeyToken=b03f5f7f11d50a3a" className="BackofficeTests.GuiDataValidatorTest, BackofficeTests, Version=1.0.0.0, Culture=neutral, PublicKeyToken=null" name="saveNewKundeTest4" />
    </UnitTest>
    <UnitTest name="checkLogfileExistanceTest" storage="c:\users\mexx\desktop\fh\4. semester\swe 2\github\swe2_backoffice\epu-backoffice\backofficetests\bin\debug\backofficetests.dll" id="b2292057-8ef8-0fcf-2f24-3fae36502c01">
      <Execution id="1fe6e9c2-6dcc-4071-8554-ff4ec9c3e1d6" />
      <TestMethod codeBase="C:/Users/Mexx/Desktop/FH/4. Semester/SWE 2/Github/swe2_backoffice/EPU-Backoffice/BackofficeTests/bin/Debug/BackofficeTests.DLL" adapterTypeName="Microsoft.VisualStudio.TestTools.TestTypes.Unit.UnitTestAdapter, Microsoft.VisualStudio.QualityTools.Tips.UnitTest.Adapter, Version=10.0.0.0, Culture=neutral, PublicKeyToken=b03f5f7f11d50a3a" className="BackofficeTests.ConfigFileManagerTest, BackofficeTests, Version=1.0.0.0, Culture=neutral, PublicKeyToken=null" name="checkLogfileExistanceTest" />
    </UnitTest>
    <UnitTest name="SaveNewKundeTest" storage="c:\users\mexx\desktop\fh\4. semester\swe 2\github\swe2_backoffice\epu-backoffice\backofficetests\bin\debug\backofficetests.dll" id="e2d50257-2c5d-6cbb-24c4-dee8a47e303e">
      <Execution id="c58ab12e-63d3-474d-a3e1-cbf90599bf9c" />
      <TestMethod codeBase="C:/Users/Mexx/Desktop/FH/4. Semester/SWE 2/Github/swe2_backoffice/EPU-Backoffice/BackofficeTests/bin/Debug/BackofficeTests.DLL" adapterTypeName="Microsoft.VisualStudio.TestTools.TestTypes.Unit.UnitTestAdapter, Microsoft.VisualStudio.QualityTools.Tips.UnitTest.Adapter, Version=10.0.0.0, Culture=neutral, PublicKeyToken=b03f5f7f11d50a3a" className="BackofficeTests.MockDataBaseManagerTest, BackofficeTests, Version=1.0.0.0, Culture=neutral, PublicKeyToken=null" name="SaveNewKundeTest" />
    </UnitTest>
    <UnitTest name="saveNewKundeTest2" storage="c:\users\mexx\desktop\fh\4. semester\swe 2\github\swe2_backoffice\epu-backoffice\backofficetests\bin\debug\backofficetests.dll" id="993b5e98-01a2-0823-5578-f64674863af1">
      <Execution id="3e56528e-b3a7-4f46-8715-e19c883db91e" />
      <TestMethod codeBase="C:/Users/Mexx/Desktop/FH/4. Semester/SWE 2/Github/swe2_backoffice/EPU-Backoffice/BackofficeTests/bin/Debug/BackofficeTests.DLL" adapterTypeName="Microsoft.VisualStudio.TestTools.TestTypes.Unit.UnitTestAdapter, Microsoft.VisualStudio.QualityTools.Tips.UnitTest.Adapter, Version=10.0.0.0, Culture=neutral, PublicKeyToken=b03f5f7f11d50a3a" className="BackofficeTests.GuiDataValidatorTest, BackofficeTests, Version=1.0.0.0, Culture=neutral, PublicKeyToken=null" name="saveNewKundeTest2" />
    </UnitTest>
    <UnitTest name="MockDataBaseManagerConstructorTest" storage="c:\users\mexx\desktop\fh\4. semester\swe 2\github\swe2_backoffice\epu-backoffice\backofficetests\bin\debug\backofficetests.dll" id="5c2d1abf-ada6-1817-87f9-fcce5d98ce31">
      <Execution id="7d85707c-4062-4005-b341-82a7f4da0123" />
      <TestMethod codeBase="C:/Users/Mexx/Desktop/FH/4. Semester/SWE 2/Github/swe2_backoffice/EPU-Backoffice/BackofficeTests/bin/Debug/BackofficeTests.DLL" adapterTypeName="Microsoft.VisualStudio.TestTools.TestTypes.Unit.UnitTestAdapter, Microsoft.VisualStudio.QualityTools.Tips.UnitTest.Adapter, Version=10.0.0.0, Culture=neutral, PublicKeyToken=b03f5f7f11d50a3a" className="BackofficeTests.MockDataBaseManagerTest, BackofficeTests, Version=1.0.0.0, Culture=neutral, PublicKeyToken=null" name="MockDataBaseManagerConstructorTest" />
    </UnitTest>
  </TestDefinitions>
  <TestLists>
    <TestList name="Results Not in a List" id="8c84fa94-04c1-424b-9868-57a2d4851a1d" />
    <TestList name="All Loaded Results" id="19431567-8539-422a-85d7-44ee4e166bda" />
  </TestLists>
  <TestEntries>
    <TestEntry testId="0e0be8c8-7d1d-4e7c-2e1a-8f223116e776" executionId="bf5587f8-5b0c-45ff-8867-1ee10781bc8b" testListId="8c84fa94-04c1-424b-9868-57a2d4851a1d" />
    <TestEntry testId="40a51d21-ad3a-c2bf-e291-bb9c53991aa8" executionId="fad29e9b-0bd5-4f68-8162-534dda2125d3" testListId="8c84fa94-04c1-424b-9868-57a2d4851a1d" />
    <TestEntry testId="5c2d1abf-ada6-1817-87f9-fcce5d98ce31" executionId="7d85707c-4062-4005-b341-82a7f4da0123" testListId="8c84fa94-04c1-424b-9868-57a2d4851a1d" />
    <TestEntry testId="6970dadb-9f56-c9d4-db6b-6b668bf94610" executionId="ae48ab9d-0e34-4a7d-ba94-635a3aa75faa" testListId="8c84fa94-04c1-424b-9868-57a2d4851a1d" />
    <TestEntry testId="8a8da676-6d8e-ed39-c279-5fd64035d021" executionId="ebd73af3-ba30-4a3d-9540-353d87f44cda" testListId="8c84fa94-04c1-424b-9868-57a2d4851a1d" />
    <TestEntry testId="8f61d8a9-73fe-9160-11f3-e7ef4b006af5" executionId="713a30c2-c2be-4416-ab19-2b83992eb95a" testListId="8c84fa94-04c1-424b-9868-57a2d4851a1d" />
    <TestEntry testId="993b5e98-01a2-0823-5578-f64674863af1" executionId="3e56528e-b3a7-4f46-8715-e19c883db91e" testListId="8c84fa94-04c1-424b-9868-57a2d4851a1d" />
    <TestEntry testId="9b3a540f-3d0d-46ca-3f2c-7cb273f91b2a" executionId="ae4edb2c-ec21-4ace-8874-93825596e676" testListId="8c84fa94-04c1-424b-9868-57a2d4851a1d" />
    <TestEntry testId="b2292057-8ef8-0fcf-2f24-3fae36502c01" executionId="1fe6e9c2-6dcc-4071-8554-ff4ec9c3e1d6" testListId="8c84fa94-04c1-424b-9868-57a2d4851a1d" />
    <TestEntry testId="d5dec836-675c-ce51-4fc0-1bb720503f84" executionId="f2ae7285-d777-44b1-b679-97cc9410a620" testListId="8c84fa94-04c1-424b-9868-57a2d4851a1d" />
    <TestEntry testId="e2d50257-2c5d-6cbb-24c4-dee8a47e303e" executionId="c58ab12e-63d3-474d-a3e1-cbf90599bf9c" testListId="8c84fa94-04c1-424b-9868-57a2d4851a1d" />
  </TestEntries>
  <Results>
    <UnitTestResult executionId="bf5587f8-5b0c-45ff-8867-1ee10781bc8b" testId="0e0be8c8-7d1d-4e7c-2e1a-8f223116e776" testName="checkDataBaseExistanceTest1" computerName="MEXX-PC" duration="00:00:00.0181219" startTime="2012-04-03T14:00:26.4852092+02:00" endTime="2012-04-03T14:00:26.7622250+02:00" testType="13cdc9d9-ddb5-4fa4-a97d-d965ccfc6d4b" outcome="Passed" testListId="8c84fa94-04c1-424b-9868-57a2d4851a1d" relativeResultsDirectory="bf5587f8-5b0c-45ff-8867-1ee10781bc8b">
    </UnitTestResult>
    <UnitTestResult executionId="fad29e9b-0bd5-4f68-8162-534dda2125d3" testId="40a51d21-ad3a-c2bf-e291-bb9c53991aa8" testName="saveNewKundeTest0" computerName="MEXX-PC" duration="00:00:00.0033490" startTime="2012-04-03T14:00:26.7632251+02:00" endTime="2012-04-03T14:00:26.7712255+02:00" testType="13cdc9d9-ddb5-4fa4-a97d-d965ccfc6d4b" outcome="Passed" testListId="8c84fa94-04c1-424b-9868-57a2d4851a1d" relativeResultsDirectory="fad29e9b-0bd5-4f68-8162-534dda2125d3">
    </UnitTestResult>
    <UnitTestResult executionId="7d85707c-4062-4005-b341-82a7f4da0123" testId="5c2d1abf-ada6-1817-87f9-fcce5d98ce31" testName="MockDataBaseManagerConstructorTest" computerName="MEXX-PC" duration="00:00:00.0003221" startTime="2012-04-03T14:00:26.7722256+02:00" endTime="2012-04-03T14:00:26.7772259+02:00" testType="13cdc9d9-ddb5-4fa4-a97d-d965ccfc6d4b" outcome="Passed" testListId="8c84fa94-04c1-424b-9868-57a2d4851a1d" relativeResultsDirectory="7d85707c-4062-4005-b341-82a7f4da0123">
    </UnitTestResult>
    <UnitTestResult executionId="ae48ab9d-0e34-4a7d-ba94-635a3aa75faa" testId="6970dadb-9f56-c9d4-db6b-6b668bf94610" testName="checkDataBaseExistanceTest2" computerName="MEXX-PC" duration="00:00:00.0006596" startTime="2012-04-03T14:00:26.7792260+02:00" endTime="2012-04-03T14:00:26.7842263+02:00" testType="13cdc9d9-ddb5-4fa4-a97d-d965ccfc6d4b" outcome="Passed" testListId="8c84fa94-04c1-424b-9868-57a2d4851a1d" relativeResultsDirectory="ae48ab9d-0e34-4a7d-ba94-635a3aa75faa">
    </UnitTestResult>
    <UnitTestResult executionId="ebd73af3-ba30-4a3d-9540-353d87f44cda" testId="8a8da676-6d8e-ed39-c279-5fd64035d021" testName="CreateDataBaseTest" computerName="MEXX-PC" duration="00:00:00.0155030" startTime="2012-04-03T14:00:26.7852263+02:00" endTime="2012-04-03T14:00:26.8052275+02:00" testType="13cdc9d9-ddb5-4fa4-a97d-d965ccfc6d4b" outcome="Inconclusive" testListId="8c84fa94-04c1-424b-9868-57a2d4851a1d" relativeResultsDirectory="ebd73af3-ba30-4a3d-9540-353d87f44cda">
      <Output>
        <ErrorInfo>
          <Message>Assert.Inconclusive failed. A method that does not return a value cannot be verified.</Message>
          <StackTrace>   bei BackofficeTests.MockDataBaseManagerTest.CreateDataBaseTest() in C:\Users\Mexx\Desktop\FH\4. Semester\SWE 2\Github\swe2_backoffice\EPU-Backoffice\BackofficeTests\MockDataBaseManagerTest.cs:Zeile 89.
</StackTrace>
        </ErrorInfo>
      </Output>
    </UnitTestResult>
    <UnitTestResult executionId="713a30c2-c2be-4416-ab19-2b83992eb95a" testId="8f61d8a9-73fe-9160-11f3-e7ef4b006af5" testName="saveNewKundeTest1" computerName="MEXX-PC" duration="00:00:00.0007743" startTime="2012-04-03T14:00:26.8082277+02:00" endTime="2012-04-03T14:00:26.8132279+02:00" testType="13cdc9d9-ddb5-4fa4-a97d-d965ccfc6d4b" outcome="Passed" testListId="8c84fa94-04c1-424b-9868-57a2d4851a1d" relativeResultsDirectory="713a30c2-c2be-4416-ab19-2b83992eb95a">
    </UnitTestResult>
    <UnitTestResult executionId="3e56528e-b3a7-4f46-8715-e19c883db91e" testId="993b5e98-01a2-0823-5578-f64674863af1" testName="saveNewKundeTest2" computerName="MEXX-PC" duration="00:00:00.0011463" startTime="2012-04-03T14:00:26.8152281+02:00" endTime="2012-04-03T14:00:26.8212284+02:00" testType="13cdc9d9-ddb5-4fa4-a97d-d965ccfc6d4b" outcome="Passed" testListId="8c84fa94-04c1-424b-9868-57a2d4851a1d" relativeResultsDirectory="3e56528e-b3a7-4f46-8715-e19c883db91e">
    </UnitTestResult>
    <UnitTestResult executionId="ae4edb2c-ec21-4ace-8874-93825596e676" testId="9b3a540f-3d0d-46ca-3f2c-7cb273f91b2a" testName="saveNewKundeTest3" computerName="MEXX-PC" duration="00:00:00.0008797" startTime="2012-04-03T14:00:26.8232285+02:00" endTime="2012-04-03T14:00:26.8282288+02:00" testType="13cdc9d9-ddb5-4fa4-a97d-d965ccfc6d4b" outcome="Passed" testListId="8c84fa94-04c1-424b-9868-57a2d4851a1d" relativeResultsDirectory="ae4edb2c-ec21-4ace-8874-93825596e676">
    </UnitTestResult>
    <UnitTestResult executionId="1fe6e9c2-6dcc-4071-8554-ff4ec9c3e1d6" testId="b2292057-8ef8-0fcf-2f24-3fae36502c01" testName="checkLogfileExistanceTest" computerName="MEXX-PC" duration="00:00:00.0012091" startTime="2012-04-03T14:00:26.8292289+02:00" endTime="2012-04-03T14:00:26.8352292+02:00" testType="13cdc9d9-ddb5-4fa4-a97d-d965ccfc6d4b" outcome="Passed" testListId="8c84fa94-04c1-424b-9868-57a2d4851a1d" relativeResultsDirectory="1fe6e9c2-6dcc-4071-8554-ff4ec9c3e1d6">
    </UnitTestResult>
    <UnitTestResult executionId="f2ae7285-d777-44b1-b679-97cc9410a620" testId="d5dec836-675c-ce51-4fc0-1bb720503f84" testName="saveNewKundeTest4" computerName="MEXX-PC" duration="00:00:00.0007694" startTime="2012-04-03T14:00:26.8362293+02:00" endTime="2012-04-03T14:00:26.8422296+02:00" testType="13cdc9d9-ddb5-4fa4-a97d-d965ccfc6d4b" outcome="Passed" testListId="8c84fa94-04c1-424b-9868-57a2d4851a1d" relativeResultsDirectory="f2ae7285-d777-44b1-b679-97cc9410a620">
    </UnitTestResult>
    <UnitTestResult executionId="c58ab12e-63d3-474d-a3e1-cbf90599bf9c" testId="e2d50257-2c5d-6cbb-24c4-dee8a47e303e" testName="SaveNewKundeTest" computerName="MEXX-PC" duration="00:00:00.0012893" startTime="2012-04-03T14:00:26.8422296+02:00" endTime="2012-04-03T14:00:26.8482300+02:00" testType="13cdc9d9-ddb5-4fa4-a97d-d965ccfc6d4b" outcome="Inconclusive" testListId="8c84fa94-04c1-424b-9868-57a2d4851a1d" relativeResultsDirectory="c58ab12e-63d3-474d-a3e1-cbf90599bf9c">
      <Output>
        <ErrorInfo>
          <Message>Assert.Inconclusive failed. A method that does not return a value cannot be verified.</Message>
          <StackTrace>   bei BackofficeTests.MockDataBaseManagerTest.SaveNewKundeTest() in C:\Users\Mexx\Desktop\FH\4. Semester\SWE 2\Github\swe2_backoffice\EPU-Backoffice\BackofficeTests\MockDataBaseManagerTest.cs:Zeile 103.
</StackTrace>
        </ErrorInfo>
      </Output>
    </UnitTestResult>
  </Results>
</TestRun>