<?xml version="1.0" encoding="UTF-8"?>
<TestRun id="1bd49513-15fc-4be1-b743-371414468e29" name="Mexx@MEXX-PC 2012-04-03 13:43:58" runUser="Mexx-PC\Mexx" xmlns="http://microsoft.com/schemas/VisualStudio/TeamTest/2010">
  <TestSettings name="Local" id="ab2dda47-df62-4ee6-a16b-845126e8200d">
    <Description>These are default test settings for a local test run.</Description>
    <Deployment enabled="false" runDeploymentRoot="Mexx_MEXX-PC 2012-04-03 13_43_58">
      <DeploymentItem filename="C:\Users\Mexx\Desktop\FH\4. Semester\SWE 2\Github\swe2_backoffice\EPU-Backoffice\System.Data.SQLite.dll" />
      <DeploymentItem filename="C:\Users\Mexx\Desktop\FH\4. Semester\SWE 2\Github\swe2_backoffice\EPU-Backoffice\EPU-Backoffice\bin\Debug\EPU-Backoffice.exe" />
    </Deployment>
    <Execution>
      <TestTypeSpecific />
      <AgentRule name="Execution Agents">
      </AgentRule>
    </Execution>
  </TestSettings>
  <Times creation="2012-04-03T13:43:58.7276991+02:00" queuing="2012-04-03T13:43:58.7432991+02:00" start="2012-04-03T13:43:58.7744992+02:00" finish="2012-04-03T13:43:59.1644999+02:00" />
  <ResultSummary outcome="Failed">
    <Counters total="11" executed="11" passed="8" error="0" failed="1" timeout="0" aborted="0" inconclusive="2" passedButRunAborted="0" notRunnable="0" notExecuted="0" disconnected="0" warning="0" completed="0" inProgress="0" pending="0" />
  </ResultSummary>
  <TestDefinitions>
    <UnitTest name="checkDataBaseExistanceTest2" storage="c:\users\mexx\desktop\fh\4. semester\swe 2\github\swe2_backoffice\epu-backoffice\backofficetests\bin\debug\backofficetests.dll" id="6970dadb-9f56-c9d4-db6b-6b668bf94610">
      <Execution id="550756eb-a14b-4e65-8827-ce00223d6379" />
      <TestMethod codeBase="C:/Users/Mexx/Desktop/FH/4. Semester/SWE 2/Github/swe2_backoffice/EPU-Backoffice/BackofficeTests/bin/Debug/BackofficeTests.DLL" adapterTypeName="Microsoft.VisualStudio.TestTools.TestTypes.Unit.UnitTestAdapter, Microsoft.VisualStudio.QualityTools.Tips.UnitTest.Adapter, Version=10.0.0.0, Culture=neutral, PublicKeyToken=b03f5f7f11d50a3a" className="BackofficeTests.ConfigFileManagerTest, BackofficeTests, Version=1.0.0.0, Culture=neutral, PublicKeyToken=null" name="checkDataBaseExistanceTest2" />
    </UnitTest>
    <UnitTest name="checkDataBaseExistanceTest1" storage="c:\users\mexx\desktop\fh\4. semester\swe 2\github\swe2_backoffice\epu-backoffice\backofficetests\bin\debug\backofficetests.dll" id="0e0be8c8-7d1d-4e7c-2e1a-8f223116e776">
      <Execution id="39932563-29b3-444d-8def-778c772bd199" />
      <TestMethod codeBase="C:/Users/Mexx/Desktop/FH/4. Semester/SWE 2/Github/swe2_backoffice/EPU-Backoffice/BackofficeTests/bin/Debug/BackofficeTests.DLL" adapterTypeName="Microsoft.VisualStudio.TestTools.TestTypes.Unit.UnitTestAdapter, Microsoft.VisualStudio.QualityTools.Tips.UnitTest.Adapter, Version=10.0.0.0, Culture=neutral, PublicKeyToken=b03f5f7f11d50a3a" className="BackofficeTests.ConfigFileManagerTest, BackofficeTests, Version=1.0.0.0, Culture=neutral, PublicKeyToken=null" name="checkDataBaseExistanceTest1" />
    </UnitTest>
    <UnitTest name="saveNewKundeTest0" storage="c:\users\mexx\desktop\fh\4. semester\swe 2\github\swe2_backoffice\epu-backoffice\backofficetests\bin\debug\backofficetests.dll" id="40a51d21-ad3a-c2bf-e291-bb9c53991aa8">
      <Execution id="99cdfaa2-8052-4fd4-9b9e-881676f38bcb" />
      <TestMethod codeBase="C:/Users/Mexx/Desktop/FH/4. Semester/SWE 2/Github/swe2_backoffice/EPU-Backoffice/BackofficeTests/bin/Debug/BackofficeTests.DLL" adapterTypeName="Microsoft.VisualStudio.TestTools.TestTypes.Unit.UnitTestAdapter, Microsoft.VisualStudio.QualityTools.Tips.UnitTest.Adapter, Version=10.0.0.0, Culture=neutral, PublicKeyToken=b03f5f7f11d50a3a" className="BackofficeTests.GuiDataValidatorTest, BackofficeTests, Version=1.0.0.0, Culture=neutral, PublicKeyToken=null" name="saveNewKundeTest0" />
    </UnitTest>
    <UnitTest name="saveNewKundeTest3" storage="c:\users\mexx\desktop\fh\4. semester\swe 2\github\swe2_backoffice\epu-backoffice\backofficetests\bin\debug\backofficetests.dll" id="9b3a540f-3d0d-46ca-3f2c-7cb273f91b2a">
      <Execution id="ba2b4727-f765-4fb2-a816-fac286df491d" />
      <TestMethod codeBase="C:/Users/Mexx/Desktop/FH/4. Semester/SWE 2/Github/swe2_backoffice/EPU-Backoffice/BackofficeTests/bin/Debug/BackofficeTests.DLL" adapterTypeName="Microsoft.VisualStudio.TestTools.TestTypes.Unit.UnitTestAdapter, Microsoft.VisualStudio.QualityTools.Tips.UnitTest.Adapter, Version=10.0.0.0, Culture=neutral, PublicKeyToken=b03f5f7f11d50a3a" className="BackofficeTests.GuiDataValidatorTest, BackofficeTests, Version=1.0.0.0, Culture=neutral, PublicKeyToken=null" name="saveNewKundeTest3" />
    </UnitTest>
    <UnitTest name="saveNewKundeTest1" storage="c:\users\mexx\desktop\fh\4. semester\swe 2\github\swe2_backoffice\epu-backoffice\backofficetests\bin\debug\backofficetests.dll" id="8f61d8a9-73fe-9160-11f3-e7ef4b006af5">
      <Execution id="1f39a959-6c7d-40ec-b5ba-2bfa57e66a8f" />
      <TestMethod codeBase="C:/Users/Mexx/Desktop/FH/4. Semester/SWE 2/Github/swe2_backoffice/EPU-Backoffice/BackofficeTests/bin/Debug/BackofficeTests.DLL" adapterTypeName="Microsoft.VisualStudio.TestTools.TestTypes.Unit.UnitTestAdapter, Microsoft.VisualStudio.QualityTools.Tips.UnitTest.Adapter, Version=10.0.0.0, Culture=neutral, PublicKeyToken=b03f5f7f11d50a3a" className="BackofficeTests.GuiDataValidatorTest, BackofficeTests, Version=1.0.0.0, Culture=neutral, PublicKeyToken=null" name="saveNewKundeTest1" />
    </UnitTest>
    <UnitTest name="CreateDataBaseTest" storage="c:\users\mexx\desktop\fh\4. semester\swe 2\github\swe2_backoffice\epu-backoffice\backofficetests\bin\debug\backofficetests.dll" id="8a8da676-6d8e-ed39-c279-5fd64035d021">
      <Execution id="6fd6f02e-6e2e-4de9-adfd-0bec338981d4" />
      <TestMethod codeBase="C:/Users/Mexx/Desktop/FH/4. Semester/SWE 2/Github/swe2_backoffice/EPU-Backoffice/BackofficeTests/bin/Debug/BackofficeTests.DLL" adapterTypeName="Microsoft.VisualStudio.TestTools.TestTypes.Unit.UnitTestAdapter, Microsoft.VisualStudio.QualityTools.Tips.UnitTest.Adapter, Version=10.0.0.0, Culture=neutral, PublicKeyToken=b03f5f7f11d50a3a" className="BackofficeTests.MockDataBaseManagerTest, BackofficeTests, Version=1.0.0.0, Culture=neutral, PublicKeyToken=null" name="CreateDataBaseTest" />
    </UnitTest>
    <UnitTest name="saveNewKundeTest4" storage="c:\users\mexx\desktop\fh\4. semester\swe 2\github\swe2_backoffice\epu-backoffice\backofficetests\bin\debug\backofficetests.dll" id="d5dec836-675c-ce51-4fc0-1bb720503f84">
      <Execution id="d82a9446-f371-4dd3-af05-6a4eb956c81c" />
      <TestMethod codeBase="C:/Users/Mexx/Desktop/FH/4. Semester/SWE 2/Github/swe2_backoffice/EPU-Backoffice/BackofficeTests/bin/Debug/BackofficeTests.DLL" adapterTypeName="Microsoft.VisualStudio.TestTools.TestTypes.Unit.UnitTestAdapter, Microsoft.VisualStudio.QualityTools.Tips.UnitTest.Adapter, Version=10.0.0.0, Culture=neutral, PublicKeyToken=b03f5f7f11d50a3a" className="BackofficeTests.GuiDataValidatorTest, BackofficeTests, Version=1.0.0.0, Culture=neutral, PublicKeyToken=null" name="saveNewKundeTest4" />
    </UnitTest>
    <UnitTest name="checkLogfileExistanceTest" storage="c:\users\mexx\desktop\fh\4. semester\swe 2\github\swe2_backoffice\epu-backoffice\backofficetests\bin\debug\backofficetests.dll" id="b2292057-8ef8-0fcf-2f24-3fae36502c01">
      <Execution id="6d373441-a637-45ae-8107-00b78728597f" />
      <TestMethod codeBase="C:/Users/Mexx/Desktop/FH/4. Semester/SWE 2/Github/swe2_backoffice/EPU-Backoffice/BackofficeTests/bin/Debug/BackofficeTests.DLL" adapterTypeName="Microsoft.VisualStudio.TestTools.TestTypes.Unit.UnitTestAdapter, Microsoft.VisualStudio.QualityTools.Tips.UnitTest.Adapter, Version=10.0.0.0, Culture=neutral, PublicKeyToken=b03f5f7f11d50a3a" className="BackofficeTests.ConfigFileManagerTest, BackofficeTests, Version=1.0.0.0, Culture=neutral, PublicKeyToken=null" name="checkLogfileExistanceTest" />
    </UnitTest>
    <UnitTest name="SaveNewKundeTest" storage="c:\users\mexx\desktop\fh\4. semester\swe 2\github\swe2_backoffice\epu-backoffice\backofficetests\bin\debug\backofficetests.dll" id="e2d50257-2c5d-6cbb-24c4-dee8a47e303e">
      <Execution id="3c52bd4b-1b12-4533-ae30-5ecb1341859d" />
      <TestMethod codeBase="C:/Users/Mexx/Desktop/FH/4. Semester/SWE 2/Github/swe2_backoffice/EPU-Backoffice/BackofficeTests/bin/Debug/BackofficeTests.DLL" adapterTypeName="Microsoft.VisualStudio.TestTools.TestTypes.Unit.UnitTestAdapter, Microsoft.VisualStudio.QualityTools.Tips.UnitTest.Adapter, Version=10.0.0.0, Culture=neutral, PublicKeyToken=b03f5f7f11d50a3a" className="BackofficeTests.MockDataBaseManagerTest, BackofficeTests, Version=1.0.0.0, Culture=neutral, PublicKeyToken=null" name="SaveNewKundeTest" />
    </UnitTest>
    <UnitTest name="saveNewKundeTest2" storage="c:\users\mexx\desktop\fh\4. semester\swe 2\github\swe2_backoffice\epu-backoffice\backofficetests\bin\debug\backofficetests.dll" id="993b5e98-01a2-0823-5578-f64674863af1">
      <Execution id="bb336acf-3850-40c1-a083-f7c4ac635e52" />
      <TestMethod codeBase="C:/Users/Mexx/Desktop/FH/4. Semester/SWE 2/Github/swe2_backoffice/EPU-Backoffice/BackofficeTests/bin/Debug/BackofficeTests.DLL" adapterTypeName="Microsoft.VisualStudio.TestTools.TestTypes.Unit.UnitTestAdapter, Microsoft.VisualStudio.QualityTools.Tips.UnitTest.Adapter, Version=10.0.0.0, Culture=neutral, PublicKeyToken=b03f5f7f11d50a3a" className="BackofficeTests.GuiDataValidatorTest, BackofficeTests, Version=1.0.0.0, Culture=neutral, PublicKeyToken=null" name="saveNewKundeTest2" />
    </UnitTest>
    <UnitTest name="MockDataBaseManagerConstructorTest" storage="c:\users\mexx\desktop\fh\4. semester\swe 2\github\swe2_backoffice\epu-backoffice\backofficetests\bin\debug\backofficetests.dll" id="5c2d1abf-ada6-1817-87f9-fcce5d98ce31">
      <Execution id="08f8930a-c320-42c3-9692-e06a88138ec4" />
      <TestMethod codeBase="C:/Users/Mexx/Desktop/FH/4. Semester/SWE 2/Github/swe2_backoffice/EPU-Backoffice/BackofficeTests/bin/Debug/BackofficeTests.DLL" adapterTypeName="Microsoft.VisualStudio.TestTools.TestTypes.Unit.UnitTestAdapter, Microsoft.VisualStudio.QualityTools.Tips.UnitTest.Adapter, Version=10.0.0.0, Culture=neutral, PublicKeyToken=b03f5f7f11d50a3a" className="BackofficeTests.MockDataBaseManagerTest, BackofficeTests, Version=1.0.0.0, Culture=neutral, PublicKeyToken=null" name="MockDataBaseManagerConstructorTest" />
    </UnitTest>
  </TestDefinitions>
  <TestLists>
    <TestList name="Results Not in a List" id="8c84fa94-04c1-424b-9868-57a2d4851a1d" />
    <TestList name="All Loaded Results" id="19431567-8539-422a-85d7-44ee4e166bda" />
  </TestLists>
  <TestEntries>
    <TestEntry testId="0e0be8c8-7d1d-4e7c-2e1a-8f223116e776" executionId="39932563-29b3-444d-8def-778c772bd199" testListId="8c84fa94-04c1-424b-9868-57a2d4851a1d" />
    <TestEntry testId="40a51d21-ad3a-c2bf-e291-bb9c53991aa8" executionId="99cdfaa2-8052-4fd4-9b9e-881676f38bcb" testListId="8c84fa94-04c1-424b-9868-57a2d4851a1d" />
    <TestEntry testId="5c2d1abf-ada6-1817-87f9-fcce5d98ce31" executionId="08f8930a-c320-42c3-9692-e06a88138ec4" testListId="8c84fa94-04c1-424b-9868-57a2d4851a1d" />
    <TestEntry testId="6970dadb-9f56-c9d4-db6b-6b668bf94610" executionId="550756eb-a14b-4e65-8827-ce00223d6379" testListId="8c84fa94-04c1-424b-9868-57a2d4851a1d" />
    <TestEntry testId="8a8da676-6d8e-ed39-c279-5fd64035d021" executionId="6fd6f02e-6e2e-4de9-adfd-0bec338981d4" testListId="8c84fa94-04c1-424b-9868-57a2d4851a1d" />
    <TestEntry testId="8f61d8a9-73fe-9160-11f3-e7ef4b006af5" executionId="1f39a959-6c7d-40ec-b5ba-2bfa57e66a8f" testListId="8c84fa94-04c1-424b-9868-57a2d4851a1d" />
    <TestEntry testId="993b5e98-01a2-0823-5578-f64674863af1" executionId="bb336acf-3850-40c1-a083-f7c4ac635e52" testListId="8c84fa94-04c1-424b-9868-57a2d4851a1d" />
    <TestEntry testId="9b3a540f-3d0d-46ca-3f2c-7cb273f91b2a" executionId="ba2b4727-f765-4fb2-a816-fac286df491d" testListId="8c84fa94-04c1-424b-9868-57a2d4851a1d" />
    <TestEntry testId="b2292057-8ef8-0fcf-2f24-3fae36502c01" executionId="6d373441-a637-45ae-8107-00b78728597f" testListId="8c84fa94-04c1-424b-9868-57a2d4851a1d" />
    <TestEntry testId="d5dec836-675c-ce51-4fc0-1bb720503f84" executionId="d82a9446-f371-4dd3-af05-6a4eb956c81c" testListId="8c84fa94-04c1-424b-9868-57a2d4851a1d" />
    <TestEntry testId="e2d50257-2c5d-6cbb-24c4-dee8a47e303e" executionId="3c52bd4b-1b12-4533-ae30-5ecb1341859d" testListId="8c84fa94-04c1-424b-9868-57a2d4851a1d" />
  </TestEntries>
  <Results>
    <UnitTestResult executionId="39932563-29b3-444d-8def-778c772bd199" testId="0e0be8c8-7d1d-4e7c-2e1a-8f223116e776" testName="checkDataBaseExistanceTest1" computerName="MEXX-PC" duration="00:00:00.0151188" startTime="2012-04-03T13:43:58.7744992+02:00" endTime="2012-04-03T13:43:59.0396997+02:00" testType="13cdc9d9-ddb5-4fa4-a97d-d965ccfc6d4b" outcome="Passed" testListId="8c84fa94-04c1-424b-9868-57a2d4851a1d" relativeResultsDirectory="39932563-29b3-444d-8def-778c772bd199">
    </UnitTestResult>
    <UnitTestResult executionId="99cdfaa2-8052-4fd4-9b9e-881676f38bcb" testId="40a51d21-ad3a-c2bf-e291-bb9c53991aa8" testName="saveNewKundeTest0" computerName="MEXX-PC" duration="00:00:00.0251827" startTime="2012-04-03T13:43:59.0396997+02:00" endTime="2012-04-03T13:43:59.0708997+02:00" testType="13cdc9d9-ddb5-4fa4-a97d-d965ccfc6d4b" outcome="Failed" testListId="8c84fa94-04c1-424b-9868-57a2d4851a1d" relativeResultsDirectory="99cdfaa2-8052-4fd4-9b9e-881676f38bcb">
      <Output>
        <ErrorInfo>
          <Message>Test method BackofficeTests.GuiDataValidatorTest.saveNewKundeTest0 threw exception: 
System.NullReferenceException: Der Objektverweis wurde nicht auf eine Objektinstanz festgelegt.</Message>
          <StackTrace>    bei EPUBackoffice.Dal.MockDataBaseManager.SaveNewKunde(String lastname, Boolean type, String firstname) in C:\Users\Mexx\Desktop\FH\4. Semester\SWE 2\Github\swe2_backoffice\EPU-Backoffice\EPU-Backoffice\Dal\MockDataBaseManager.cs:Zeile 87.
   bei EPUBackoffice.BL.GuiDataValidator.saveNewKunde(String firstname, String lastname, Boolean type) in C:\Users\Mexx\Desktop\FH\4. Semester\SWE 2\Github\swe2_backoffice\EPU-Backoffice\EPU-Backoffice\BL\GuiDataValidator.cs:Zeile 55.
   bei BackofficeTests.GuiDataValidatorTest.saveNewKundeTest0() in C:\Users\Mexx\Desktop\FH\4. Semester\SWE 2\Github\swe2_backoffice\EPU-Backoffice\BackofficeTests\GuiDataValidatorTest.cs:Zeile 85.
</StackTrace>
        </ErrorInfo>
      </Output>
    </UnitTestResult>
    <UnitTestResult executionId="08f8930a-c320-42c3-9692-e06a88138ec4" testId="5c2d1abf-ada6-1817-87f9-fcce5d98ce31" testName="MockDataBaseManagerConstructorTest" computerName="MEXX-PC" duration="00:00:00.0003184" startTime="2012-04-03T13:43:59.0708997+02:00" endTime="2012-04-03T13:43:59.0708997+02:00" testType="13cdc9d9-ddb5-4fa4-a97d-d965ccfc6d4b" outcome="Passed" testListId="8c84fa94-04c1-424b-9868-57a2d4851a1d" relativeResultsDirectory="08f8930a-c320-42c3-9692-e06a88138ec4">
    </UnitTestResult>
    <UnitTestResult executionId="550756eb-a14b-4e65-8827-ce00223d6379" testId="6970dadb-9f56-c9d4-db6b-6b668bf94610" testName="checkDataBaseExistanceTest2" computerName="MEXX-PC" duration="00:00:00.0006248" startTime="2012-04-03T13:43:59.0708997+02:00" endTime="2012-04-03T13:43:59.0708997+02:00" testType="13cdc9d9-ddb5-4fa4-a97d-d965ccfc6d4b" outcome="Passed" testListId="8c84fa94-04c1-424b-9868-57a2d4851a1d" relativeResultsDirectory="550756eb-a14b-4e65-8827-ce00223d6379">
    </UnitTestResult>
    <UnitTestResult executionId="6fd6f02e-6e2e-4de9-adfd-0bec338981d4" testId="8a8da676-6d8e-ed39-c279-5fd64035d021" testName="CreateDataBaseTest" computerName="MEXX-PC" duration="00:00:00.0093677" startTime="2012-04-03T13:43:59.0864997+02:00" endTime="2012-04-03T13:43:59.0864997+02:00" testType="13cdc9d9-ddb5-4fa4-a97d-d965ccfc6d4b" outcome="Inconclusive" testListId="8c84fa94-04c1-424b-9868-57a2d4851a1d" relativeResultsDirectory="6fd6f02e-6e2e-4de9-adfd-0bec338981d4">
      <Output>
        <ErrorInfo>
          <Message>Assert.Inconclusive failed. A method that does not return a value cannot be verified.</Message>
          <StackTrace>   bei BackofficeTests.MockDataBaseManagerTest.CreateDataBaseTest() in C:\Users\Mexx\Desktop\FH\4. Semester\SWE 2\Github\swe2_backoffice\EPU-Backoffice\BackofficeTests\MockDataBaseManagerTest.cs:Zeile 89.
</StackTrace>
        </ErrorInfo>
      </Output>
    </UnitTestResult>
    <UnitTestResult executionId="1f39a959-6c7d-40ec-b5ba-2bfa57e66a8f" testId="8f61d8a9-73fe-9160-11f3-e7ef4b006af5" testName="saveNewKundeTest1" computerName="MEXX-PC" duration="00:00:00.0008610" startTime="2012-04-03T13:43:59.1020998+02:00" endTime="2012-04-03T13:43:59.1020998+02:00" testType="13cdc9d9-ddb5-4fa4-a97d-d965ccfc6d4b" outcome="Passed" testListId="8c84fa94-04c1-424b-9868-57a2d4851a1d" relativeResultsDirectory="1f39a959-6c7d-40ec-b5ba-2bfa57e66a8f">
    </UnitTestResult>
    <UnitTestResult executionId="bb336acf-3850-40c1-a083-f7c4ac635e52" testId="993b5e98-01a2-0823-5578-f64674863af1" testName="saveNewKundeTest2" computerName="MEXX-PC" duration="00:00:00.0013959" startTime="2012-04-03T13:43:59.1020998+02:00" endTime="2012-04-03T13:43:59.1176998+02:00" testType="13cdc9d9-ddb5-4fa4-a97d-d965ccfc6d4b" outcome="Passed" testListId="8c84fa94-04c1-424b-9868-57a2d4851a1d" relativeResultsDirectory="bb336acf-3850-40c1-a083-f7c4ac635e52">
    </UnitTestResult>
    <UnitTestResult executionId="ba2b4727-f765-4fb2-a816-fac286df491d" testId="9b3a540f-3d0d-46ca-3f2c-7cb273f91b2a" testName="saveNewKundeTest3" computerName="MEXX-PC" duration="00:00:00.0009198" startTime="2012-04-03T13:43:59.1176998+02:00" endTime="2012-04-03T13:43:59.1176998+02:00" testType="13cdc9d9-ddb5-4fa4-a97d-d965ccfc6d4b" outcome="Passed" testListId="8c84fa94-04c1-424b-9868-57a2d4851a1d" relativeResultsDirectory="ba2b4727-f765-4fb2-a816-fac286df491d">
    </UnitTestResult>
    <UnitTestResult executionId="6d373441-a637-45ae-8107-00b78728597f" testId="b2292057-8ef8-0fcf-2f24-3fae36502c01" testName="checkLogfileExistanceTest" computerName="MEXX-PC" duration="00:00:00.0013538" startTime="2012-04-03T13:43:59.1176998+02:00" endTime="2012-04-03T13:43:59.1332998+02:00" testType="13cdc9d9-ddb5-4fa4-a97d-d965ccfc6d4b" outcome="Passed" testListId="8c84fa94-04c1-424b-9868-57a2d4851a1d" relativeResultsDirectory="6d373441-a637-45ae-8107-00b78728597f">
    </UnitTestResult>
    <UnitTestResult executionId="d82a9446-f371-4dd3-af05-6a4eb956c81c" testId="d5dec836-675c-ce51-4fc0-1bb720503f84" testName="saveNewKundeTest4" computerName="MEXX-PC" duration="00:00:00.0009563" startTime="2012-04-03T13:43:59.1332998+02:00" endTime="2012-04-03T13:43:59.1332998+02:00" testType="13cdc9d9-ddb5-4fa4-a97d-d965ccfc6d4b" outcome="Passed" testListId="8c84fa94-04c1-424b-9868-57a2d4851a1d" relativeResultsDirectory="d82a9446-f371-4dd3-af05-6a4eb956c81c">
    </UnitTestResult>
    <UnitTestResult executionId="3c52bd4b-1b12-4533-ae30-5ecb1341859d" testId="e2d50257-2c5d-6cbb-24c4-dee8a47e303e" testName="SaveNewKundeTest" computerName="MEXX-PC" duration="00:00:00.0018672" startTime="2012-04-03T13:43:59.1332998+02:00" endTime="2012-04-03T13:43:59.1488998+02:00" testType="13cdc9d9-ddb5-4fa4-a97d-d965ccfc6d4b" outcome="Inconclusive" testListId="8c84fa94-04c1-424b-9868-57a2d4851a1d" relativeResultsDirectory="3c52bd4b-1b12-4533-ae30-5ecb1341859d">
      <Output>
        <ErrorInfo>
          <Message>Assert.Inconclusive failed. A method that does not return a value cannot be verified.</Message>
          <StackTrace>   bei BackofficeTests.MockDataBaseManagerTest.SaveNewKundeTest() in C:\Users\Mexx\Desktop\FH\4. Semester\SWE 2\Github\swe2_backoffice\EPU-Backoffice\BackofficeTests\MockDataBaseManagerTest.cs:Zeile 103.
</StackTrace>
        </ErrorInfo>
      </Output>
    </UnitTestResult>
  </Results>
</TestRun>