<?xml version="1.0" encoding="UTF-8"?>
<TestRun id="02c1f7b6-1db8-458b-8dc8-0ec14407940a" name="Mexx@MEXX-PC 2012-04-03 13:46:22" runUser="Mexx-PC\Mexx" xmlns="http://microsoft.com/schemas/VisualStudio/TeamTest/2010">
  <TestSettings name="Local" id="ab2dda47-df62-4ee6-a16b-845126e8200d">
    <Description>These are default test settings for a local test run.</Description>
    <Deployment enabled="false" runDeploymentRoot="Mexx_MEXX-PC 2012-04-03 13_46_22">
      <DeploymentItem filename="C:\Users\Mexx\Desktop\FH\4. Semester\SWE 2\Github\swe2_backoffice\EPU-Backoffice\System.Data.SQLite.dll" />
      <DeploymentItem filename="C:\Users\Mexx\Desktop\FH\4. Semester\SWE 2\Github\swe2_backoffice\EPU-Backoffice\EPU-Backoffice\bin\Debug\EPU-Backoffice.exe" />
    </Deployment>
    <Execution>
      <TestTypeSpecific />
      <AgentRule name="Execution Agents">
      </AgentRule>
    </Execution>
  </TestSettings>
  <Times creation="2012-04-03T13:46:22.8143592+02:00" queuing="2012-04-03T13:46:22.8299592+02:00" start="2012-04-03T13:46:22.8455592+02:00" finish="2012-04-03T13:46:23.2355599+02:00" />
  <ResultSummary outcome="Failed">
    <Counters total="11" executed="11" passed="8" error="0" failed="1" timeout="0" aborted="0" inconclusive="2" passedButRunAborted="0" notRunnable="0" notExecuted="0" disconnected="0" warning="0" completed="0" inProgress="0" pending="0" />
  </ResultSummary>
  <TestDefinitions>
    <UnitTest name="checkDataBaseExistanceTest2" storage="c:\users\mexx\desktop\fh\4. semester\swe 2\github\swe2_backoffice\epu-backoffice\backofficetests\bin\debug\backofficetests.dll" id="6970dadb-9f56-c9d4-db6b-6b668bf94610">
      <Execution id="078da012-ea4b-4a4d-9154-b2f6aa212901" />
      <TestMethod codeBase="C:/Users/Mexx/Desktop/FH/4. Semester/SWE 2/Github/swe2_backoffice/EPU-Backoffice/BackofficeTests/bin/Debug/BackofficeTests.DLL" adapterTypeName="Microsoft.VisualStudio.TestTools.TestTypes.Unit.UnitTestAdapter, Microsoft.VisualStudio.QualityTools.Tips.UnitTest.Adapter, Version=10.0.0.0, Culture=neutral, PublicKeyToken=b03f5f7f11d50a3a" className="BackofficeTests.ConfigFileManagerTest, BackofficeTests, Version=1.0.0.0, Culture=neutral, PublicKeyToken=null" name="checkDataBaseExistanceTest2" />
    </UnitTest>
    <UnitTest name="checkDataBaseExistanceTest1" storage="c:\users\mexx\desktop\fh\4. semester\swe 2\github\swe2_backoffice\epu-backoffice\backofficetests\bin\debug\backofficetests.dll" id="0e0be8c8-7d1d-4e7c-2e1a-8f223116e776">
      <Execution id="0fc077e1-5a13-48a4-8f27-114bcd02c381" />
      <TestMethod codeBase="C:/Users/Mexx/Desktop/FH/4. Semester/SWE 2/Github/swe2_backoffice/EPU-Backoffice/BackofficeTests/bin/Debug/BackofficeTests.DLL" adapterTypeName="Microsoft.VisualStudio.TestTools.TestTypes.Unit.UnitTestAdapter, Microsoft.VisualStudio.QualityTools.Tips.UnitTest.Adapter, Version=10.0.0.0, Culture=neutral, PublicKeyToken=b03f5f7f11d50a3a" className="BackofficeTests.ConfigFileManagerTest, BackofficeTests, Version=1.0.0.0, Culture=neutral, PublicKeyToken=null" name="checkDataBaseExistanceTest1" />
    </UnitTest>
    <UnitTest name="saveNewKundeTest0" storage="c:\users\mexx\desktop\fh\4. semester\swe 2\github\swe2_backoffice\epu-backoffice\backofficetests\bin\debug\backofficetests.dll" id="40a51d21-ad3a-c2bf-e291-bb9c53991aa8">
      <Execution id="ec49819d-8c6d-4e18-be28-da25b258a5eb" />
      <TestMethod codeBase="C:/Users/Mexx/Desktop/FH/4. Semester/SWE 2/Github/swe2_backoffice/EPU-Backoffice/BackofficeTests/bin/Debug/BackofficeTests.DLL" adapterTypeName="Microsoft.VisualStudio.TestTools.TestTypes.Unit.UnitTestAdapter, Microsoft.VisualStudio.QualityTools.Tips.UnitTest.Adapter, Version=10.0.0.0, Culture=neutral, PublicKeyToken=b03f5f7f11d50a3a" className="BackofficeTests.GuiDataValidatorTest, BackofficeTests, Version=1.0.0.0, Culture=neutral, PublicKeyToken=null" name="saveNewKundeTest0" />
    </UnitTest>
    <UnitTest name="saveNewKundeTest3" storage="c:\users\mexx\desktop\fh\4. semester\swe 2\github\swe2_backoffice\epu-backoffice\backofficetests\bin\debug\backofficetests.dll" id="9b3a540f-3d0d-46ca-3f2c-7cb273f91b2a">
      <Execution id="c4c9c007-ea85-4811-ac2e-5fc4f8df8e6d" />
      <TestMethod codeBase="C:/Users/Mexx/Desktop/FH/4. Semester/SWE 2/Github/swe2_backoffice/EPU-Backoffice/BackofficeTests/bin/Debug/BackofficeTests.DLL" adapterTypeName="Microsoft.VisualStudio.TestTools.TestTypes.Unit.UnitTestAdapter, Microsoft.VisualStudio.QualityTools.Tips.UnitTest.Adapter, Version=10.0.0.0, Culture=neutral, PublicKeyToken=b03f5f7f11d50a3a" className="BackofficeTests.GuiDataValidatorTest, BackofficeTests, Version=1.0.0.0, Culture=neutral, PublicKeyToken=null" name="saveNewKundeTest3" />
    </UnitTest>
    <UnitTest name="saveNewKundeTest1" storage="c:\users\mexx\desktop\fh\4. semester\swe 2\github\swe2_backoffice\epu-backoffice\backofficetests\bin\debug\backofficetests.dll" id="8f61d8a9-73fe-9160-11f3-e7ef4b006af5">
      <Execution id="8d28f92d-e975-4ac9-a92c-74100a8b6bbd" />
      <TestMethod codeBase="C:/Users/Mexx/Desktop/FH/4. Semester/SWE 2/Github/swe2_backoffice/EPU-Backoffice/BackofficeTests/bin/Debug/BackofficeTests.DLL" adapterTypeName="Microsoft.VisualStudio.TestTools.TestTypes.Unit.UnitTestAdapter, Microsoft.VisualStudio.QualityTools.Tips.UnitTest.Adapter, Version=10.0.0.0, Culture=neutral, PublicKeyToken=b03f5f7f11d50a3a" className="BackofficeTests.GuiDataValidatorTest, BackofficeTests, Version=1.0.0.0, Culture=neutral, PublicKeyToken=null" name="saveNewKundeTest1" />
    </UnitTest>
    <UnitTest name="CreateDataBaseTest" storage="c:\users\mexx\desktop\fh\4. semester\swe 2\github\swe2_backoffice\epu-backoffice\backofficetests\bin\debug\backofficetests.dll" id="8a8da676-6d8e-ed39-c279-5fd64035d021">
      <Execution id="1295015d-09f5-49e5-bbc1-3534ce29c9c2" />
      <TestMethod codeBase="C:/Users/Mexx/Desktop/FH/4. Semester/SWE 2/Github/swe2_backoffice/EPU-Backoffice/BackofficeTests/bin/Debug/BackofficeTests.DLL" adapterTypeName="Microsoft.VisualStudio.TestTools.TestTypes.Unit.UnitTestAdapter, Microsoft.VisualStudio.QualityTools.Tips.UnitTest.Adapter, Version=10.0.0.0, Culture=neutral, PublicKeyToken=b03f5f7f11d50a3a" className="BackofficeTests.MockDataBaseManagerTest, BackofficeTests, Version=1.0.0.0, Culture=neutral, PublicKeyToken=null" name="CreateDataBaseTest" />
    </UnitTest>
    <UnitTest name="saveNewKundeTest4" storage="c:\users\mexx\desktop\fh\4. semester\swe 2\github\swe2_backoffice\epu-backoffice\backofficetests\bin\debug\backofficetests.dll" id="d5dec836-675c-ce51-4fc0-1bb720503f84">
      <Execution id="7f12bbbe-b757-41c4-835f-70024cbe906a" />
      <TestMethod codeBase="C:/Users/Mexx/Desktop/FH/4. Semester/SWE 2/Github/swe2_backoffice/EPU-Backoffice/BackofficeTests/bin/Debug/BackofficeTests.DLL" adapterTypeName="Microsoft.VisualStudio.TestTools.TestTypes.Unit.UnitTestAdapter, Microsoft.VisualStudio.QualityTools.Tips.UnitTest.Adapter, Version=10.0.0.0, Culture=neutral, PublicKeyToken=b03f5f7f11d50a3a" className="BackofficeTests.GuiDataValidatorTest, BackofficeTests, Version=1.0.0.0, Culture=neutral, PublicKeyToken=null" name="saveNewKundeTest4" />
    </UnitTest>
    <UnitTest name="checkLogfileExistanceTest" storage="c:\users\mexx\desktop\fh\4. semester\swe 2\github\swe2_backoffice\epu-backoffice\backofficetests\bin\debug\backofficetests.dll" id="b2292057-8ef8-0fcf-2f24-3fae36502c01">
      <Execution id="9287e963-fff3-4184-bcff-1667f4c0ec12" />
      <TestMethod codeBase="C:/Users/Mexx/Desktop/FH/4. Semester/SWE 2/Github/swe2_backoffice/EPU-Backoffice/BackofficeTests/bin/Debug/BackofficeTests.DLL" adapterTypeName="Microsoft.VisualStudio.TestTools.TestTypes.Unit.UnitTestAdapter, Microsoft.VisualStudio.QualityTools.Tips.UnitTest.Adapter, Version=10.0.0.0, Culture=neutral, PublicKeyToken=b03f5f7f11d50a3a" className="BackofficeTests.ConfigFileManagerTest, BackofficeTests, Version=1.0.0.0, Culture=neutral, PublicKeyToken=null" name="checkLogfileExistanceTest" />
    </UnitTest>
    <UnitTest name="SaveNewKundeTest" storage="c:\users\mexx\desktop\fh\4. semester\swe 2\github\swe2_backoffice\epu-backoffice\backofficetests\bin\debug\backofficetests.dll" id="e2d50257-2c5d-6cbb-24c4-dee8a47e303e">
      <Execution id="55438751-a55e-44eb-961e-f3f8cf26f343" />
      <TestMethod codeBase="C:/Users/Mexx/Desktop/FH/4. Semester/SWE 2/Github/swe2_backoffice/EPU-Backoffice/BackofficeTests/bin/Debug/BackofficeTests.DLL" adapterTypeName="Microsoft.VisualStudio.TestTools.TestTypes.Unit.UnitTestAdapter, Microsoft.VisualStudio.QualityTools.Tips.UnitTest.Adapter, Version=10.0.0.0, Culture=neutral, PublicKeyToken=b03f5f7f11d50a3a" className="BackofficeTests.MockDataBaseManagerTest, BackofficeTests, Version=1.0.0.0, Culture=neutral, PublicKeyToken=null" name="SaveNewKundeTest" />
    </UnitTest>
    <UnitTest name="saveNewKundeTest2" storage="c:\users\mexx\desktop\fh\4. semester\swe 2\github\swe2_backoffice\epu-backoffice\backofficetests\bin\debug\backofficetests.dll" id="993b5e98-01a2-0823-5578-f64674863af1">
      <Execution id="c3dc07e2-97ec-4efc-a078-3c9e9528caa9" />
      <TestMethod codeBase="C:/Users/Mexx/Desktop/FH/4. Semester/SWE 2/Github/swe2_backoffice/EPU-Backoffice/BackofficeTests/bin/Debug/BackofficeTests.DLL" adapterTypeName="Microsoft.VisualStudio.TestTools.TestTypes.Unit.UnitTestAdapter, Microsoft.VisualStudio.QualityTools.Tips.UnitTest.Adapter, Version=10.0.0.0, Culture=neutral, PublicKeyToken=b03f5f7f11d50a3a" className="BackofficeTests.GuiDataValidatorTest, BackofficeTests, Version=1.0.0.0, Culture=neutral, PublicKeyToken=null" name="saveNewKundeTest2" />
    </UnitTest>
    <UnitTest name="MockDataBaseManagerConstructorTest" storage="c:\users\mexx\desktop\fh\4. semester\swe 2\github\swe2_backoffice\epu-backoffice\backofficetests\bin\debug\backofficetests.dll" id="5c2d1abf-ada6-1817-87f9-fcce5d98ce31">
      <Execution id="68b46425-f384-44af-a4ba-5fb6de9b0bd9" />
      <TestMethod codeBase="C:/Users/Mexx/Desktop/FH/4. Semester/SWE 2/Github/swe2_backoffice/EPU-Backoffice/BackofficeTests/bin/Debug/BackofficeTests.DLL" adapterTypeName="Microsoft.VisualStudio.TestTools.TestTypes.Unit.UnitTestAdapter, Microsoft.VisualStudio.QualityTools.Tips.UnitTest.Adapter, Version=10.0.0.0, Culture=neutral, PublicKeyToken=b03f5f7f11d50a3a" className="BackofficeTests.MockDataBaseManagerTest, BackofficeTests, Version=1.0.0.0, Culture=neutral, PublicKeyToken=null" name="MockDataBaseManagerConstructorTest" />
    </UnitTest>
  </TestDefinitions>
  <TestLists>
    <TestList name="Results Not in a List" id="8c84fa94-04c1-424b-9868-57a2d4851a1d" />
    <TestList name="All Loaded Results" id="19431567-8539-422a-85d7-44ee4e166bda" />
  </TestLists>
  <TestEntries>
    <TestEntry testId="0e0be8c8-7d1d-4e7c-2e1a-8f223116e776" executionId="0fc077e1-5a13-48a4-8f27-114bcd02c381" testListId="8c84fa94-04c1-424b-9868-57a2d4851a1d" />
    <TestEntry testId="40a51d21-ad3a-c2bf-e291-bb9c53991aa8" executionId="ec49819d-8c6d-4e18-be28-da25b258a5eb" testListId="8c84fa94-04c1-424b-9868-57a2d4851a1d" />
    <TestEntry testId="5c2d1abf-ada6-1817-87f9-fcce5d98ce31" executionId="68b46425-f384-44af-a4ba-5fb6de9b0bd9" testListId="8c84fa94-04c1-424b-9868-57a2d4851a1d" />
    <TestEntry testId="6970dadb-9f56-c9d4-db6b-6b668bf94610" executionId="078da012-ea4b-4a4d-9154-b2f6aa212901" testListId="8c84fa94-04c1-424b-9868-57a2d4851a1d" />
    <TestEntry testId="8a8da676-6d8e-ed39-c279-5fd64035d021" executionId="1295015d-09f5-49e5-bbc1-3534ce29c9c2" testListId="8c84fa94-04c1-424b-9868-57a2d4851a1d" />
    <TestEntry testId="8f61d8a9-73fe-9160-11f3-e7ef4b006af5" executionId="8d28f92d-e975-4ac9-a92c-74100a8b6bbd" testListId="8c84fa94-04c1-424b-9868-57a2d4851a1d" />
    <TestEntry testId="993b5e98-01a2-0823-5578-f64674863af1" executionId="c3dc07e2-97ec-4efc-a078-3c9e9528caa9" testListId="8c84fa94-04c1-424b-9868-57a2d4851a1d" />
    <TestEntry testId="9b3a540f-3d0d-46ca-3f2c-7cb273f91b2a" executionId="c4c9c007-ea85-4811-ac2e-5fc4f8df8e6d" testListId="8c84fa94-04c1-424b-9868-57a2d4851a1d" />
    <TestEntry testId="b2292057-8ef8-0fcf-2f24-3fae36502c01" executionId="9287e963-fff3-4184-bcff-1667f4c0ec12" testListId="8c84fa94-04c1-424b-9868-57a2d4851a1d" />
    <TestEntry testId="d5dec836-675c-ce51-4fc0-1bb720503f84" executionId="7f12bbbe-b757-41c4-835f-70024cbe906a" testListId="8c84fa94-04c1-424b-9868-57a2d4851a1d" />
    <TestEntry testId="e2d50257-2c5d-6cbb-24c4-dee8a47e303e" executionId="55438751-a55e-44eb-961e-f3f8cf26f343" testListId="8c84fa94-04c1-424b-9868-57a2d4851a1d" />
  </TestEntries>
  <Results>
    <UnitTestResult executionId="0fc077e1-5a13-48a4-8f27-114bcd02c381" testId="0e0be8c8-7d1d-4e7c-2e1a-8f223116e776" testName="checkDataBaseExistanceTest1" computerName="MEXX-PC" duration="00:00:00.0145994" startTime="2012-04-03T13:46:22.8767593+02:00" endTime="2012-04-03T13:46:23.0951596+02:00" testType="13cdc9d9-ddb5-4fa4-a97d-d965ccfc6d4b" outcome="Passed" testListId="8c84fa94-04c1-424b-9868-57a2d4851a1d" relativeResultsDirectory="0fc077e1-5a13-48a4-8f27-114bcd02c381">
    </UnitTestResult>
    <UnitTestResult executionId="ec49819d-8c6d-4e18-be28-da25b258a5eb" testId="40a51d21-ad3a-c2bf-e291-bb9c53991aa8" testName="saveNewKundeTest0" computerName="MEXX-PC" duration="00:00:00.0207262" startTime="2012-04-03T13:46:23.1107597+02:00" endTime="2012-04-03T13:46:23.1263597+02:00" testType="13cdc9d9-ddb5-4fa4-a97d-d965ccfc6d4b" outcome="Failed" testListId="8c84fa94-04c1-424b-9868-57a2d4851a1d" relativeResultsDirectory="ec49819d-8c6d-4e18-be28-da25b258a5eb">
      <Output>
        <ErrorInfo>
          <Message>Test method BackofficeTests.GuiDataValidatorTest.saveNewKundeTest0 threw exception: 
System.NullReferenceException: Der Objektverweis wurde nicht auf eine Objektinstanz festgelegt.</Message>
          <StackTrace>    bei EPUBackoffice.Dal.MockDataBaseManager.SaveNewKunde(String lastname, Boolean type, String firstname) in C:\Users\Mexx\Desktop\FH\4. Semester\SWE 2\Github\swe2_backoffice\EPU-Backoffice\EPU-Backoffice\Dal\MockDataBaseManager.cs:Zeile 87.
   bei EPUBackoffice.BL.GuiDataValidator.saveNewKunde(String firstname, String lastname, Boolean type) in C:\Users\Mexx\Desktop\FH\4. Semester\SWE 2\Github\swe2_backoffice\EPU-Backoffice\EPU-Backoffice\BL\GuiDataValidator.cs:Zeile 51.
   bei BackofficeTests.GuiDataValidatorTest.saveNewKundeTest0() in C:\Users\Mexx\Desktop\FH\4. Semester\SWE 2\Github\swe2_backoffice\EPU-Backoffice\BackofficeTests\GuiDataValidatorTest.cs:Zeile 85.
</StackTrace>
        </ErrorInfo>
      </Output>
    </UnitTestResult>
    <UnitTestResult executionId="68b46425-f384-44af-a4ba-5fb6de9b0bd9" testId="5c2d1abf-ada6-1817-87f9-fcce5d98ce31" testName="MockDataBaseManagerConstructorTest" computerName="MEXX-PC" duration="00:00:00.0004607" startTime="2012-04-03T13:46:23.1263597+02:00" endTime="2012-04-03T13:46:23.1419597+02:00" testType="13cdc9d9-ddb5-4fa4-a97d-d965ccfc6d4b" outcome="Passed" testListId="8c84fa94-04c1-424b-9868-57a2d4851a1d" relativeResultsDirectory="68b46425-f384-44af-a4ba-5fb6de9b0bd9">
    </UnitTestResult>
    <UnitTestResult executionId="078da012-ea4b-4a4d-9154-b2f6aa212901" testId="6970dadb-9f56-c9d4-db6b-6b668bf94610" testName="checkDataBaseExistanceTest2" computerName="MEXX-PC" duration="00:00:00.0007569" startTime="2012-04-03T13:46:23.1419597+02:00" endTime="2012-04-03T13:46:23.1419597+02:00" testType="13cdc9d9-ddb5-4fa4-a97d-d965ccfc6d4b" outcome="Passed" testListId="8c84fa94-04c1-424b-9868-57a2d4851a1d" relativeResultsDirectory="078da012-ea4b-4a4d-9154-b2f6aa212901">
    </UnitTestResult>
    <UnitTestResult executionId="1295015d-09f5-49e5-bbc1-3534ce29c9c2" testId="8a8da676-6d8e-ed39-c279-5fd64035d021" testName="CreateDataBaseTest" computerName="MEXX-PC" duration="00:00:00.0102024" startTime="2012-04-03T13:46:23.1419597+02:00" endTime="2012-04-03T13:46:23.1575598+02:00" testType="13cdc9d9-ddb5-4fa4-a97d-d965ccfc6d4b" outcome="Inconclusive" testListId="8c84fa94-04c1-424b-9868-57a2d4851a1d" relativeResultsDirectory="1295015d-09f5-49e5-bbc1-3534ce29c9c2">
      <Output>
        <ErrorInfo>
          <Message>Assert.Inconclusive failed. A method that does not return a value cannot be verified.</Message>
          <StackTrace>   bei BackofficeTests.MockDataBaseManagerTest.CreateDataBaseTest() in C:\Users\Mexx\Desktop\FH\4. Semester\SWE 2\Github\swe2_backoffice\EPU-Backoffice\BackofficeTests\MockDataBaseManagerTest.cs:Zeile 89.
</StackTrace>
        </ErrorInfo>
      </Output>
    </UnitTestResult>
    <UnitTestResult executionId="8d28f92d-e975-4ac9-a92c-74100a8b6bbd" testId="8f61d8a9-73fe-9160-11f3-e7ef4b006af5" testName="saveNewKundeTest1" computerName="MEXX-PC" duration="00:00:00.0009007" startTime="2012-04-03T13:46:23.1575598+02:00" endTime="2012-04-03T13:46:23.1731598+02:00" testType="13cdc9d9-ddb5-4fa4-a97d-d965ccfc6d4b" outcome="Passed" testListId="8c84fa94-04c1-424b-9868-57a2d4851a1d" relativeResultsDirectory="8d28f92d-e975-4ac9-a92c-74100a8b6bbd">
    </UnitTestResult>
    <UnitTestResult executionId="c3dc07e2-97ec-4efc-a078-3c9e9528caa9" testId="993b5e98-01a2-0823-5578-f64674863af1" testName="saveNewKundeTest2" computerName="MEXX-PC" duration="00:00:00.0012776" startTime="2012-04-03T13:46:23.1731598+02:00" endTime="2012-04-03T13:46:23.1731598+02:00" testType="13cdc9d9-ddb5-4fa4-a97d-d965ccfc6d4b" outcome="Passed" testListId="8c84fa94-04c1-424b-9868-57a2d4851a1d" relativeResultsDirectory="c3dc07e2-97ec-4efc-a078-3c9e9528caa9">
    </UnitTestResult>
    <UnitTestResult executionId="c4c9c007-ea85-4811-ac2e-5fc4f8df8e6d" testId="9b3a540f-3d0d-46ca-3f2c-7cb273f91b2a" testName="saveNewKundeTest3" computerName="MEXX-PC" duration="00:00:00.0014891" startTime="2012-04-03T13:46:23.1731598+02:00" endTime="2012-04-03T13:46:23.1887598+02:00" testType="13cdc9d9-ddb5-4fa4-a97d-d965ccfc6d4b" outcome="Passed" testListId="8c84fa94-04c1-424b-9868-57a2d4851a1d" relativeResultsDirectory="c4c9c007-ea85-4811-ac2e-5fc4f8df8e6d">
    </UnitTestResult>
    <UnitTestResult executionId="9287e963-fff3-4184-bcff-1667f4c0ec12" testId="b2292057-8ef8-0fcf-2f24-3fae36502c01" testName="checkLogfileExistanceTest" computerName="MEXX-PC" duration="00:00:00.0013975" startTime="2012-04-03T13:46:23.1887598+02:00" endTime="2012-04-03T13:46:23.2043598+02:00" testType="13cdc9d9-ddb5-4fa4-a97d-d965ccfc6d4b" outcome="Passed" testListId="8c84fa94-04c1-424b-9868-57a2d4851a1d" relativeResultsDirectory="9287e963-fff3-4184-bcff-1667f4c0ec12">
    </UnitTestResult>
    <UnitTestResult executionId="7f12bbbe-b757-41c4-835f-70024cbe906a" testId="d5dec836-675c-ce51-4fc0-1bb720503f84" testName="saveNewKundeTest4" computerName="MEXX-PC" duration="00:00:00.0010794" startTime="2012-04-03T13:46:23.2043598+02:00" endTime="2012-04-03T13:46:23.2043598+02:00" testType="13cdc9d9-ddb5-4fa4-a97d-d965ccfc6d4b" outcome="Passed" testListId="8c84fa94-04c1-424b-9868-57a2d4851a1d" relativeResultsDirectory="7f12bbbe-b757-41c4-835f-70024cbe906a">
    </UnitTestResult>
    <UnitTestResult executionId="55438751-a55e-44eb-961e-f3f8cf26f343" testId="e2d50257-2c5d-6cbb-24c4-dee8a47e303e" testName="SaveNewKundeTest" computerName="MEXX-PC" duration="00:00:00.0015839" startTime="2012-04-03T13:46:23.2043598+02:00" endTime="2012-04-03T13:46:23.2199599+02:00" testType="13cdc9d9-ddb5-4fa4-a97d-d965ccfc6d4b" outcome="Inconclusive" testListId="8c84fa94-04c1-424b-9868-57a2d4851a1d" relativeResultsDirectory="55438751-a55e-44eb-961e-f3f8cf26f343">
      <Output>
        <ErrorInfo>
          <Message>Assert.Inconclusive failed. A method that does not return a value cannot be verified.</Message>
          <StackTrace>   bei BackofficeTests.MockDataBaseManagerTest.SaveNewKundeTest() in C:\Users\Mexx\Desktop\FH\4. Semester\SWE 2\Github\swe2_backoffice\EPU-Backoffice\BackofficeTests\MockDataBaseManagerTest.cs:Zeile 103.
</StackTrace>
        </ErrorInfo>
      </Output>
    </UnitTestResult>
  </Results>
</TestRun>