<?xml version="1.0" encoding="UTF-8"?>
<TestRun id="319bed8b-6294-4047-a0c6-80c015385089" name="Mexx@MEXX-PC 2012-04-03 13:49:37" runUser="Mexx-PC\Mexx" xmlns="http://microsoft.com/schemas/VisualStudio/TeamTest/2010">
  <TestSettings name="Local" id="ab2dda47-df62-4ee6-a16b-845126e8200d">
    <Description>These are default test settings for a local test run.</Description>
    <Deployment enabled="false" runDeploymentRoot="Mexx_MEXX-PC 2012-04-03 13_49_37">
      <DeploymentItem filename="C:\Users\Mexx\Desktop\FH\4. Semester\SWE 2\Github\swe2_backoffice\EPU-Backoffice\System.Data.SQLite.dll" />
      <DeploymentItem filename="C:\Users\Mexx\Desktop\FH\4. Semester\SWE 2\Github\swe2_backoffice\EPU-Backoffice\EPU-Backoffice\bin\Debug\EPU-Backoffice.exe" />
    </Deployment>
    <Execution>
      <TestTypeSpecific />
      <AgentRule name="Execution Agents">
      </AgentRule>
    </Execution>
  </TestSettings>
  <Times creation="2012-04-03T13:49:37.7844461+02:00" queuing="2012-04-03T13:49:37.8004470+02:00" start="2012-04-03T13:49:37.8534500+02:00" finish="2012-04-03T13:49:38.2616673+02:00" />
  <ResultSummary outcome="Failed">
    <Counters total="11" executed="11" passed="8" error="0" failed="1" timeout="0" aborted="0" inconclusive="2" passedButRunAborted="0" notRunnable="0" notExecuted="0" disconnected="0" warning="0" completed="0" inProgress="0" pending="0" />
  </ResultSummary>
  <TestDefinitions>
    <UnitTest name="checkDataBaseExistanceTest2" storage="c:\users\mexx\desktop\fh\4. semester\swe 2\github\swe2_backoffice\epu-backoffice\backofficetests\bin\debug\backofficetests.dll" id="6970dadb-9f56-c9d4-db6b-6b668bf94610">
      <Execution id="0e1716bd-700f-4404-8f28-e1de1180381b" />
      <TestMethod codeBase="C:/Users/Mexx/Desktop/FH/4. Semester/SWE 2/Github/swe2_backoffice/EPU-Backoffice/BackofficeTests/bin/Debug/BackofficeTests.DLL" adapterTypeName="Microsoft.VisualStudio.TestTools.TestTypes.Unit.UnitTestAdapter, Microsoft.VisualStudio.QualityTools.Tips.UnitTest.Adapter, Version=10.0.0.0, Culture=neutral, PublicKeyToken=b03f5f7f11d50a3a" className="BackofficeTests.ConfigFileManagerTest, BackofficeTests, Version=1.0.0.0, Culture=neutral, PublicKeyToken=null" name="checkDataBaseExistanceTest2" />
    </UnitTest>
    <UnitTest name="checkDataBaseExistanceTest1" storage="c:\users\mexx\desktop\fh\4. semester\swe 2\github\swe2_backoffice\epu-backoffice\backofficetests\bin\debug\backofficetests.dll" id="0e0be8c8-7d1d-4e7c-2e1a-8f223116e776">
      <Execution id="dcc2ad05-cfdc-4cbb-9b00-622b402d3bb5" />
      <TestMethod codeBase="C:/Users/Mexx/Desktop/FH/4. Semester/SWE 2/Github/swe2_backoffice/EPU-Backoffice/BackofficeTests/bin/Debug/BackofficeTests.DLL" adapterTypeName="Microsoft.VisualStudio.TestTools.TestTypes.Unit.UnitTestAdapter, Microsoft.VisualStudio.QualityTools.Tips.UnitTest.Adapter, Version=10.0.0.0, Culture=neutral, PublicKeyToken=b03f5f7f11d50a3a" className="BackofficeTests.ConfigFileManagerTest, BackofficeTests, Version=1.0.0.0, Culture=neutral, PublicKeyToken=null" name="checkDataBaseExistanceTest1" />
    </UnitTest>
    <UnitTest name="saveNewKundeTest0" storage="c:\users\mexx\desktop\fh\4. semester\swe 2\github\swe2_backoffice\epu-backoffice\backofficetests\bin\debug\backofficetests.dll" id="40a51d21-ad3a-c2bf-e291-bb9c53991aa8">
      <Execution id="d5ce06b7-5664-42bd-82cd-f8eb10f74e2b" />
      <TestMethod codeBase="C:/Users/Mexx/Desktop/FH/4. Semester/SWE 2/Github/swe2_backoffice/EPU-Backoffice/BackofficeTests/bin/Debug/BackofficeTests.DLL" adapterTypeName="Microsoft.VisualStudio.TestTools.TestTypes.Unit.UnitTestAdapter, Microsoft.VisualStudio.QualityTools.Tips.UnitTest.Adapter, Version=10.0.0.0, Culture=neutral, PublicKeyToken=b03f5f7f11d50a3a" className="BackofficeTests.GuiDataValidatorTest, BackofficeTests, Version=1.0.0.0, Culture=neutral, PublicKeyToken=null" name="saveNewKundeTest0" />
    </UnitTest>
    <UnitTest name="saveNewKundeTest3" storage="c:\users\mexx\desktop\fh\4. semester\swe 2\github\swe2_backoffice\epu-backoffice\backofficetests\bin\debug\backofficetests.dll" id="9b3a540f-3d0d-46ca-3f2c-7cb273f91b2a">
      <Execution id="098ecdca-0ca0-4141-8b86-4ed54db71e89" />
      <TestMethod codeBase="C:/Users/Mexx/Desktop/FH/4. Semester/SWE 2/Github/swe2_backoffice/EPU-Backoffice/BackofficeTests/bin/Debug/BackofficeTests.DLL" adapterTypeName="Microsoft.VisualStudio.TestTools.TestTypes.Unit.UnitTestAdapter, Microsoft.VisualStudio.QualityTools.Tips.UnitTest.Adapter, Version=10.0.0.0, Culture=neutral, PublicKeyToken=b03f5f7f11d50a3a" className="BackofficeTests.GuiDataValidatorTest, BackofficeTests, Version=1.0.0.0, Culture=neutral, PublicKeyToken=null" name="saveNewKundeTest3" />
    </UnitTest>
    <UnitTest name="saveNewKundeTest1" storage="c:\users\mexx\desktop\fh\4. semester\swe 2\github\swe2_backoffice\epu-backoffice\backofficetests\bin\debug\backofficetests.dll" id="8f61d8a9-73fe-9160-11f3-e7ef4b006af5">
      <Execution id="29d105af-c4eb-413c-a9f7-cceec3660ebf" />
      <TestMethod codeBase="C:/Users/Mexx/Desktop/FH/4. Semester/SWE 2/Github/swe2_backoffice/EPU-Backoffice/BackofficeTests/bin/Debug/BackofficeTests.DLL" adapterTypeName="Microsoft.VisualStudio.TestTools.TestTypes.Unit.UnitTestAdapter, Microsoft.VisualStudio.QualityTools.Tips.UnitTest.Adapter, Version=10.0.0.0, Culture=neutral, PublicKeyToken=b03f5f7f11d50a3a" className="BackofficeTests.GuiDataValidatorTest, BackofficeTests, Version=1.0.0.0, Culture=neutral, PublicKeyToken=null" name="saveNewKundeTest1" />
    </UnitTest>
    <UnitTest name="CreateDataBaseTest" storage="c:\users\mexx\desktop\fh\4. semester\swe 2\github\swe2_backoffice\epu-backoffice\backofficetests\bin\debug\backofficetests.dll" id="8a8da676-6d8e-ed39-c279-5fd64035d021">
      <Execution id="1abbbe49-2f91-4abd-8d18-57938f9daaf4" />
      <TestMethod codeBase="C:/Users/Mexx/Desktop/FH/4. Semester/SWE 2/Github/swe2_backoffice/EPU-Backoffice/BackofficeTests/bin/Debug/BackofficeTests.DLL" adapterTypeName="Microsoft.VisualStudio.TestTools.TestTypes.Unit.UnitTestAdapter, Microsoft.VisualStudio.QualityTools.Tips.UnitTest.Adapter, Version=10.0.0.0, Culture=neutral, PublicKeyToken=b03f5f7f11d50a3a" className="BackofficeTests.MockDataBaseManagerTest, BackofficeTests, Version=1.0.0.0, Culture=neutral, PublicKeyToken=null" name="CreateDataBaseTest" />
    </UnitTest>
    <UnitTest name="saveNewKundeTest4" storage="c:\users\mexx\desktop\fh\4. semester\swe 2\github\swe2_backoffice\epu-backoffice\backofficetests\bin\debug\backofficetests.dll" id="d5dec836-675c-ce51-4fc0-1bb720503f84">
      <Execution id="2d4eb8d1-c076-4bd6-83de-2fc14e2c7544" />
      <TestMethod codeBase="C:/Users/Mexx/Desktop/FH/4. Semester/SWE 2/Github/swe2_backoffice/EPU-Backoffice/BackofficeTests/bin/Debug/BackofficeTests.DLL" adapterTypeName="Microsoft.VisualStudio.TestTools.TestTypes.Unit.UnitTestAdapter, Microsoft.VisualStudio.QualityTools.Tips.UnitTest.Adapter, Version=10.0.0.0, Culture=neutral, PublicKeyToken=b03f5f7f11d50a3a" className="BackofficeTests.GuiDataValidatorTest, BackofficeTests, Version=1.0.0.0, Culture=neutral, PublicKeyToken=null" name="saveNewKundeTest4" />
    </UnitTest>
    <UnitTest name="checkLogfileExistanceTest" storage="c:\users\mexx\desktop\fh\4. semester\swe 2\github\swe2_backoffice\epu-backoffice\backofficetests\bin\debug\backofficetests.dll" id="b2292057-8ef8-0fcf-2f24-3fae36502c01">
      <Execution id="0d58205a-6111-462d-9010-3ad6966c36a0" />
      <TestMethod codeBase="C:/Users/Mexx/Desktop/FH/4. Semester/SWE 2/Github/swe2_backoffice/EPU-Backoffice/BackofficeTests/bin/Debug/BackofficeTests.DLL" adapterTypeName="Microsoft.VisualStudio.TestTools.TestTypes.Unit.UnitTestAdapter, Microsoft.VisualStudio.QualityTools.Tips.UnitTest.Adapter, Version=10.0.0.0, Culture=neutral, PublicKeyToken=b03f5f7f11d50a3a" className="BackofficeTests.ConfigFileManagerTest, BackofficeTests, Version=1.0.0.0, Culture=neutral, PublicKeyToken=null" name="checkLogfileExistanceTest" />
    </UnitTest>
    <UnitTest name="SaveNewKundeTest" storage="c:\users\mexx\desktop\fh\4. semester\swe 2\github\swe2_backoffice\epu-backoffice\backofficetests\bin\debug\backofficetests.dll" id="e2d50257-2c5d-6cbb-24c4-dee8a47e303e">
      <Execution id="8a43e0c0-8783-41d1-905e-c739239cde11" />
      <TestMethod codeBase="C:/Users/Mexx/Desktop/FH/4. Semester/SWE 2/Github/swe2_backoffice/EPU-Backoffice/BackofficeTests/bin/Debug/BackofficeTests.DLL" adapterTypeName="Microsoft.VisualStudio.TestTools.TestTypes.Unit.UnitTestAdapter, Microsoft.VisualStudio.QualityTools.Tips.UnitTest.Adapter, Version=10.0.0.0, Culture=neutral, PublicKeyToken=b03f5f7f11d50a3a" className="BackofficeTests.MockDataBaseManagerTest, BackofficeTests, Version=1.0.0.0, Culture=neutral, PublicKeyToken=null" name="SaveNewKundeTest" />
    </UnitTest>
    <UnitTest name="saveNewKundeTest2" storage="c:\users\mexx\desktop\fh\4. semester\swe 2\github\swe2_backoffice\epu-backoffice\backofficetests\bin\debug\backofficetests.dll" id="993b5e98-01a2-0823-5578-f64674863af1">
      <Execution id="b4070b13-53d6-407e-bae4-86aa97057e8f" />
      <TestMethod codeBase="C:/Users/Mexx/Desktop/FH/4. Semester/SWE 2/Github/swe2_backoffice/EPU-Backoffice/BackofficeTests/bin/Debug/BackofficeTests.DLL" adapterTypeName="Microsoft.VisualStudio.TestTools.TestTypes.Unit.UnitTestAdapter, Microsoft.VisualStudio.QualityTools.Tips.UnitTest.Adapter, Version=10.0.0.0, Culture=neutral, PublicKeyToken=b03f5f7f11d50a3a" className="BackofficeTests.GuiDataValidatorTest, BackofficeTests, Version=1.0.0.0, Culture=neutral, PublicKeyToken=null" name="saveNewKundeTest2" />
    </UnitTest>
    <UnitTest name="MockDataBaseManagerConstructorTest" storage="c:\users\mexx\desktop\fh\4. semester\swe 2\github\swe2_backoffice\epu-backoffice\backofficetests\bin\debug\backofficetests.dll" id="5c2d1abf-ada6-1817-87f9-fcce5d98ce31">
      <Execution id="cfbda958-ddd4-4eed-a765-7610c7dad9b0" />
      <TestMethod codeBase="C:/Users/Mexx/Desktop/FH/4. Semester/SWE 2/Github/swe2_backoffice/EPU-Backoffice/BackofficeTests/bin/Debug/BackofficeTests.DLL" adapterTypeName="Microsoft.VisualStudio.TestTools.TestTypes.Unit.UnitTestAdapter, Microsoft.VisualStudio.QualityTools.Tips.UnitTest.Adapter, Version=10.0.0.0, Culture=neutral, PublicKeyToken=b03f5f7f11d50a3a" className="BackofficeTests.MockDataBaseManagerTest, BackofficeTests, Version=1.0.0.0, Culture=neutral, PublicKeyToken=null" name="MockDataBaseManagerConstructorTest" />
    </UnitTest>
  </TestDefinitions>
  <TestLists>
    <TestList name="Results Not in a List" id="8c84fa94-04c1-424b-9868-57a2d4851a1d" />
    <TestList name="All Loaded Results" id="19431567-8539-422a-85d7-44ee4e166bda" />
  </TestLists>
  <TestEntries>
    <TestEntry testId="0e0be8c8-7d1d-4e7c-2e1a-8f223116e776" executionId="dcc2ad05-cfdc-4cbb-9b00-622b402d3bb5" testListId="8c84fa94-04c1-424b-9868-57a2d4851a1d" />
    <TestEntry testId="40a51d21-ad3a-c2bf-e291-bb9c53991aa8" executionId="d5ce06b7-5664-42bd-82cd-f8eb10f74e2b" testListId="8c84fa94-04c1-424b-9868-57a2d4851a1d" />
    <TestEntry testId="5c2d1abf-ada6-1817-87f9-fcce5d98ce31" executionId="cfbda958-ddd4-4eed-a765-7610c7dad9b0" testListId="8c84fa94-04c1-424b-9868-57a2d4851a1d" />
    <TestEntry testId="6970dadb-9f56-c9d4-db6b-6b668bf94610" executionId="0e1716bd-700f-4404-8f28-e1de1180381b" testListId="8c84fa94-04c1-424b-9868-57a2d4851a1d" />
    <TestEntry testId="8a8da676-6d8e-ed39-c279-5fd64035d021" executionId="1abbbe49-2f91-4abd-8d18-57938f9daaf4" testListId="8c84fa94-04c1-424b-9868-57a2d4851a1d" />
    <TestEntry testId="8f61d8a9-73fe-9160-11f3-e7ef4b006af5" executionId="29d105af-c4eb-413c-a9f7-cceec3660ebf" testListId="8c84fa94-04c1-424b-9868-57a2d4851a1d" />
    <TestEntry testId="993b5e98-01a2-0823-5578-f64674863af1" executionId="b4070b13-53d6-407e-bae4-86aa97057e8f" testListId="8c84fa94-04c1-424b-9868-57a2d4851a1d" />
    <TestEntry testId="9b3a540f-3d0d-46ca-3f2c-7cb273f91b2a" executionId="098ecdca-0ca0-4141-8b86-4ed54db71e89" testListId="8c84fa94-04c1-424b-9868-57a2d4851a1d" />
    <TestEntry testId="b2292057-8ef8-0fcf-2f24-3fae36502c01" executionId="0d58205a-6111-462d-9010-3ad6966c36a0" testListId="8c84fa94-04c1-424b-9868-57a2d4851a1d" />
    <TestEntry testId="d5dec836-675c-ce51-4fc0-1bb720503f84" executionId="2d4eb8d1-c076-4bd6-83de-2fc14e2c7544" testListId="8c84fa94-04c1-424b-9868-57a2d4851a1d" />
    <TestEntry testId="e2d50257-2c5d-6cbb-24c4-dee8a47e303e" executionId="8a43e0c0-8783-41d1-905e-c739239cde11" testListId="8c84fa94-04c1-424b-9868-57a2d4851a1d" />
  </TestEntries>
  <Results>
    <UnitTestResult executionId="dcc2ad05-cfdc-4cbb-9b00-622b402d3bb5" testId="0e0be8c8-7d1d-4e7c-2e1a-8f223116e776" testName="checkDataBaseExistanceTest1" computerName="MEXX-PC" duration="00:00:00.0147590" startTime="2012-04-03T13:49:37.8944524+02:00" endTime="2012-04-03T13:49:38.1524671+02:00" testType="13cdc9d9-ddb5-4fa4-a97d-d965ccfc6d4b" outcome="Passed" testListId="8c84fa94-04c1-424b-9868-57a2d4851a1d" relativeResultsDirectory="dcc2ad05-cfdc-4cbb-9b00-622b402d3bb5">
    </UnitTestResult>
    <UnitTestResult executionId="d5ce06b7-5664-42bd-82cd-f8eb10f74e2b" testId="40a51d21-ad3a-c2bf-e291-bb9c53991aa8" testName="saveNewKundeTest0" computerName="MEXX-PC" duration="00:00:00.0185186" startTime="2012-04-03T13:49:38.1524671+02:00" endTime="2012-04-03T13:49:38.1680672+02:00" testType="13cdc9d9-ddb5-4fa4-a97d-d965ccfc6d4b" outcome="Failed" testListId="8c84fa94-04c1-424b-9868-57a2d4851a1d" relativeResultsDirectory="d5ce06b7-5664-42bd-82cd-f8eb10f74e2b">
      <Output>
        <ErrorInfo>
          <Message>Test method BackofficeTests.GuiDataValidatorTest.saveNewKundeTest0 threw exception: 
System.NullReferenceException: Der Objektverweis wurde nicht auf eine Objektinstanz festgelegt.</Message>
          <StackTrace>    bei EPUBackoffice.Dal.MockDataBaseManager.SaveNewKunde(String lastname, Boolean type, String firstname) in C:\Users\Mexx\Desktop\FH\4. Semester\SWE 2\Github\swe2_backoffice\EPU-Backoffice\EPU-Backoffice\Dal\MockDataBaseManager.cs:Zeile 87.
   bei EPUBackoffice.BL.GuiDataValidator.saveNewKunde(String firstname, String lastname, Boolean type) in C:\Users\Mexx\Desktop\FH\4. Semester\SWE 2\Github\swe2_backoffice\EPU-Backoffice\EPU-Backoffice\BL\GuiDataValidator.cs:Zeile 55.
   bei BackofficeTests.GuiDataValidatorTest.saveNewKundeTest0() in C:\Users\Mexx\Desktop\FH\4. Semester\SWE 2\Github\swe2_backoffice\EPU-Backoffice\BackofficeTests\GuiDataValidatorTest.cs:Zeile 83.
</StackTrace>
        </ErrorInfo>
      </Output>
    </UnitTestResult>
    <UnitTestResult executionId="cfbda958-ddd4-4eed-a765-7610c7dad9b0" testId="5c2d1abf-ada6-1817-87f9-fcce5d98ce31" testName="MockDataBaseManagerConstructorTest" computerName="MEXX-PC" duration="00:00:00.0003241" startTime="2012-04-03T13:49:38.1836672+02:00" endTime="2012-04-03T13:49:38.1836672+02:00" testType="13cdc9d9-ddb5-4fa4-a97d-d965ccfc6d4b" outcome="Passed" testListId="8c84fa94-04c1-424b-9868-57a2d4851a1d" relativeResultsDirectory="cfbda958-ddd4-4eed-a765-7610c7dad9b0">
    </UnitTestResult>
    <UnitTestResult executionId="0e1716bd-700f-4404-8f28-e1de1180381b" testId="6970dadb-9f56-c9d4-db6b-6b668bf94610" testName="checkDataBaseExistanceTest2" computerName="MEXX-PC" duration="00:00:00.0006576" startTime="2012-04-03T13:49:38.1836672+02:00" endTime="2012-04-03T13:49:38.1836672+02:00" testType="13cdc9d9-ddb5-4fa4-a97d-d965ccfc6d4b" outcome="Passed" testListId="8c84fa94-04c1-424b-9868-57a2d4851a1d" relativeResultsDirectory="0e1716bd-700f-4404-8f28-e1de1180381b">
    </UnitTestResult>
    <UnitTestResult executionId="1abbbe49-2f91-4abd-8d18-57938f9daaf4" testId="8a8da676-6d8e-ed39-c279-5fd64035d021" testName="CreateDataBaseTest" computerName="MEXX-PC" duration="00:00:00.0098357" startTime="2012-04-03T13:49:38.1836672+02:00" endTime="2012-04-03T13:49:38.2148672+02:00" testType="13cdc9d9-ddb5-4fa4-a97d-d965ccfc6d4b" outcome="Inconclusive" testListId="8c84fa94-04c1-424b-9868-57a2d4851a1d" relativeResultsDirectory="1abbbe49-2f91-4abd-8d18-57938f9daaf4">
      <Output>
        <ErrorInfo>
          <Message>Assert.Inconclusive failed. A method that does not return a value cannot be verified.</Message>
          <StackTrace>   bei BackofficeTests.MockDataBaseManagerTest.CreateDataBaseTest() in C:\Users\Mexx\Desktop\FH\4. Semester\SWE 2\Github\swe2_backoffice\EPU-Backoffice\BackofficeTests\MockDataBaseManagerTest.cs:Zeile 89.
</StackTrace>
        </ErrorInfo>
      </Output>
    </UnitTestResult>
    <UnitTestResult executionId="29d105af-c4eb-413c-a9f7-cceec3660ebf" testId="8f61d8a9-73fe-9160-11f3-e7ef4b006af5" testName="saveNewKundeTest1" computerName="MEXX-PC" duration="00:00:00.0011556" startTime="2012-04-03T13:49:38.2148672+02:00" endTime="2012-04-03T13:49:38.2148672+02:00" testType="13cdc9d9-ddb5-4fa4-a97d-d965ccfc6d4b" outcome="Passed" testListId="8c84fa94-04c1-424b-9868-57a2d4851a1d" relativeResultsDirectory="29d105af-c4eb-413c-a9f7-cceec3660ebf">
    </UnitTestResult>
    <UnitTestResult executionId="b4070b13-53d6-407e-bae4-86aa97057e8f" testId="993b5e98-01a2-0823-5578-f64674863af1" testName="saveNewKundeTest2" computerName="MEXX-PC" duration="00:00:00.0009753" startTime="2012-04-03T13:49:38.2148672+02:00" endTime="2012-04-03T13:49:38.2148672+02:00" testType="13cdc9d9-ddb5-4fa4-a97d-d965ccfc6d4b" outcome="Passed" testListId="8c84fa94-04c1-424b-9868-57a2d4851a1d" relativeResultsDirectory="b4070b13-53d6-407e-bae4-86aa97057e8f">
    </UnitTestResult>
    <UnitTestResult executionId="098ecdca-0ca0-4141-8b86-4ed54db71e89" testId="9b3a540f-3d0d-46ca-3f2c-7cb273f91b2a" testName="saveNewKundeTest3" computerName="MEXX-PC" duration="00:00:00.0009076" startTime="2012-04-03T13:49:38.2304673+02:00" endTime="2012-04-03T13:49:38.2304673+02:00" testType="13cdc9d9-ddb5-4fa4-a97d-d965ccfc6d4b" outcome="Passed" testListId="8c84fa94-04c1-424b-9868-57a2d4851a1d" relativeResultsDirectory="098ecdca-0ca0-4141-8b86-4ed54db71e89">
    </UnitTestResult>
    <UnitTestResult executionId="0d58205a-6111-462d-9010-3ad6966c36a0" testId="b2292057-8ef8-0fcf-2f24-3fae36502c01" testName="checkLogfileExistanceTest" computerName="MEXX-PC" duration="00:00:00.0013444" startTime="2012-04-03T13:49:38.2304673+02:00" endTime="2012-04-03T13:49:38.2304673+02:00" testType="13cdc9d9-ddb5-4fa4-a97d-d965ccfc6d4b" outcome="Passed" testListId="8c84fa94-04c1-424b-9868-57a2d4851a1d" relativeResultsDirectory="0d58205a-6111-462d-9010-3ad6966c36a0">
    </UnitTestResult>
    <UnitTestResult executionId="2d4eb8d1-c076-4bd6-83de-2fc14e2c7544" testId="d5dec836-675c-ce51-4fc0-1bb720503f84" testName="saveNewKundeTest4" computerName="MEXX-PC" duration="00:00:00.0008120" startTime="2012-04-03T13:49:38.2304673+02:00" endTime="2012-04-03T13:49:38.2460673+02:00" testType="13cdc9d9-ddb5-4fa4-a97d-d965ccfc6d4b" outcome="Passed" testListId="8c84fa94-04c1-424b-9868-57a2d4851a1d" relativeResultsDirectory="2d4eb8d1-c076-4bd6-83de-2fc14e2c7544">
    </UnitTestResult>
    <UnitTestResult executionId="8a43e0c0-8783-41d1-905e-c739239cde11" testId="e2d50257-2c5d-6cbb-24c4-dee8a47e303e" testName="SaveNewKundeTest" computerName="MEXX-PC" duration="00:00:00.0014417" startTime="2012-04-03T13:49:38.2460673+02:00" endTime="2012-04-03T13:49:38.2460673+02:00" testType="13cdc9d9-ddb5-4fa4-a97d-d965ccfc6d4b" outcome="Inconclusive" testListId="8c84fa94-04c1-424b-9868-57a2d4851a1d" relativeResultsDirectory="8a43e0c0-8783-41d1-905e-c739239cde11">
      <Output>
        <ErrorInfo>
          <Message>Assert.Inconclusive failed. A method that does not return a value cannot be verified.</Message>
          <StackTrace>   bei BackofficeTests.MockDataBaseManagerTest.SaveNewKundeTest() in C:\Users\Mexx\Desktop\FH\4. Semester\SWE 2\Github\swe2_backoffice\EPU-Backoffice\BackofficeTests\MockDataBaseManagerTest.cs:Zeile 103.
</StackTrace>
        </ErrorInfo>
      </Output>
    </UnitTestResult>
  </Results>
</TestRun>