<?xml version="1.0" encoding="UTF-8"?>
<TestRun id="a64862d4-939b-411a-958f-f6c9b3d16600" name="Mexx@MEXX-PC 2012-04-03 13:49:51" runUser="Mexx-PC\Mexx" xmlns="http://microsoft.com/schemas/VisualStudio/TeamTest/2010">
  <TestSettings name="Local" id="ab2dda47-df62-4ee6-a16b-845126e8200d">
    <Description>These are default test settings for a local test run.</Description>
    <Deployment enabled="false" runDeploymentRoot="Mexx_MEXX-PC 2012-04-03 13_49_51">
      <DeploymentItem filename="C:\Users\Mexx\Desktop\FH\4. Semester\SWE 2\Github\swe2_backoffice\EPU-Backoffice\System.Data.SQLite.dll" />
      <DeploymentItem filename="C:\Users\Mexx\Desktop\FH\4. Semester\SWE 2\Github\swe2_backoffice\EPU-Backoffice\EPU-Backoffice\bin\Debug\EPU-Backoffice.exe" />
    </Deployment>
    <Execution>
      <TestTypeSpecific />
      <AgentRule name="Execution Agents">
      </AgentRule>
    </Execution>
  </TestSettings>
  <Times creation="2012-04-03T13:49:51.1675499+02:00" queuing="2012-04-03T13:49:55.5408001+02:00" start="2012-04-03T13:49:55.5798023+02:00" finish="2012-04-03T13:49:55.9370037+02:00" />
  <ResultSummary outcome="Failed">
    <Counters total="11" executed="11" passed="8" error="0" failed="1" timeout="0" aborted="0" inconclusive="2" passedButRunAborted="0" notRunnable="0" notExecuted="0" disconnected="0" warning="0" completed="0" inProgress="0" pending="0" />
  </ResultSummary>
  <TestDefinitions>
    <UnitTest name="checkDataBaseExistanceTest2" storage="c:\users\mexx\desktop\fh\4. semester\swe 2\github\swe2_backoffice\epu-backoffice\backofficetests\bin\debug\backofficetests.dll" id="6970dadb-9f56-c9d4-db6b-6b668bf94610">
      <Execution id="d2ea045e-091d-4f8c-aff5-a5c2fafd4fef" />
      <TestMethod codeBase="C:/Users/Mexx/Desktop/FH/4. Semester/SWE 2/Github/swe2_backoffice/EPU-Backoffice/BackofficeTests/bin/Debug/BackofficeTests.DLL" adapterTypeName="Microsoft.VisualStudio.TestTools.TestTypes.Unit.UnitTestAdapter, Microsoft.VisualStudio.QualityTools.Tips.UnitTest.Adapter, Version=10.0.0.0, Culture=neutral, PublicKeyToken=b03f5f7f11d50a3a" className="BackofficeTests.ConfigFileManagerTest, BackofficeTests, Version=1.0.0.0, Culture=neutral, PublicKeyToken=null" name="checkDataBaseExistanceTest2" />
    </UnitTest>
    <UnitTest name="checkDataBaseExistanceTest1" storage="c:\users\mexx\desktop\fh\4. semester\swe 2\github\swe2_backoffice\epu-backoffice\backofficetests\bin\debug\backofficetests.dll" id="0e0be8c8-7d1d-4e7c-2e1a-8f223116e776">
      <Execution id="534e2ec4-0157-4001-aac1-d19c9b0e3f41" />
      <TestMethod codeBase="C:/Users/Mexx/Desktop/FH/4. Semester/SWE 2/Github/swe2_backoffice/EPU-Backoffice/BackofficeTests/bin/Debug/BackofficeTests.DLL" adapterTypeName="Microsoft.VisualStudio.TestTools.TestTypes.Unit.UnitTestAdapter, Microsoft.VisualStudio.QualityTools.Tips.UnitTest.Adapter, Version=10.0.0.0, Culture=neutral, PublicKeyToken=b03f5f7f11d50a3a" className="BackofficeTests.ConfigFileManagerTest, BackofficeTests, Version=1.0.0.0, Culture=neutral, PublicKeyToken=null" name="checkDataBaseExistanceTest1" />
    </UnitTest>
    <UnitTest name="saveNewKundeTest0" storage="c:\users\mexx\desktop\fh\4. semester\swe 2\github\swe2_backoffice\epu-backoffice\backofficetests\bin\debug\backofficetests.dll" id="40a51d21-ad3a-c2bf-e291-bb9c53991aa8">
      <Execution id="9cd04059-e9d7-4c13-81d7-1b9621bce9db" />
      <TestMethod codeBase="C:/Users/Mexx/Desktop/FH/4. Semester/SWE 2/Github/swe2_backoffice/EPU-Backoffice/BackofficeTests/bin/Debug/BackofficeTests.DLL" adapterTypeName="Microsoft.VisualStudio.TestTools.TestTypes.Unit.UnitTestAdapter, Microsoft.VisualStudio.QualityTools.Tips.UnitTest.Adapter, Version=10.0.0.0, Culture=neutral, PublicKeyToken=b03f5f7f11d50a3a" className="BackofficeTests.GuiDataValidatorTest, BackofficeTests, Version=1.0.0.0, Culture=neutral, PublicKeyToken=null" name="saveNewKundeTest0" />
    </UnitTest>
    <UnitTest name="saveNewKundeTest3" storage="c:\users\mexx\desktop\fh\4. semester\swe 2\github\swe2_backoffice\epu-backoffice\backofficetests\bin\debug\backofficetests.dll" id="9b3a540f-3d0d-46ca-3f2c-7cb273f91b2a">
      <Execution id="1fbbd2d0-dfa1-4ba8-8624-dda57826a701" />
      <TestMethod codeBase="C:/Users/Mexx/Desktop/FH/4. Semester/SWE 2/Github/swe2_backoffice/EPU-Backoffice/BackofficeTests/bin/Debug/BackofficeTests.DLL" adapterTypeName="Microsoft.VisualStudio.TestTools.TestTypes.Unit.UnitTestAdapter, Microsoft.VisualStudio.QualityTools.Tips.UnitTest.Adapter, Version=10.0.0.0, Culture=neutral, PublicKeyToken=b03f5f7f11d50a3a" className="BackofficeTests.GuiDataValidatorTest, BackofficeTests, Version=1.0.0.0, Culture=neutral, PublicKeyToken=null" name="saveNewKundeTest3" />
    </UnitTest>
    <UnitTest name="saveNewKundeTest1" storage="c:\users\mexx\desktop\fh\4. semester\swe 2\github\swe2_backoffice\epu-backoffice\backofficetests\bin\debug\backofficetests.dll" id="8f61d8a9-73fe-9160-11f3-e7ef4b006af5">
      <Execution id="8b395b23-36b5-49ef-98d4-1d51b2f8be84" />
      <TestMethod codeBase="C:/Users/Mexx/Desktop/FH/4. Semester/SWE 2/Github/swe2_backoffice/EPU-Backoffice/BackofficeTests/bin/Debug/BackofficeTests.DLL" adapterTypeName="Microsoft.VisualStudio.TestTools.TestTypes.Unit.UnitTestAdapter, Microsoft.VisualStudio.QualityTools.Tips.UnitTest.Adapter, Version=10.0.0.0, Culture=neutral, PublicKeyToken=b03f5f7f11d50a3a" className="BackofficeTests.GuiDataValidatorTest, BackofficeTests, Version=1.0.0.0, Culture=neutral, PublicKeyToken=null" name="saveNewKundeTest1" />
    </UnitTest>
    <UnitTest name="CreateDataBaseTest" storage="c:\users\mexx\desktop\fh\4. semester\swe 2\github\swe2_backoffice\epu-backoffice\backofficetests\bin\debug\backofficetests.dll" id="8a8da676-6d8e-ed39-c279-5fd64035d021">
      <Execution id="074f0581-b823-4c28-a02b-7e911094175e" />
      <TestMethod codeBase="C:/Users/Mexx/Desktop/FH/4. Semester/SWE 2/Github/swe2_backoffice/EPU-Backoffice/BackofficeTests/bin/Debug/BackofficeTests.DLL" adapterTypeName="Microsoft.VisualStudio.TestTools.TestTypes.Unit.UnitTestAdapter, Microsoft.VisualStudio.QualityTools.Tips.UnitTest.Adapter, Version=10.0.0.0, Culture=neutral, PublicKeyToken=b03f5f7f11d50a3a" className="BackofficeTests.MockDataBaseManagerTest, BackofficeTests, Version=1.0.0.0, Culture=neutral, PublicKeyToken=null" name="CreateDataBaseTest" />
    </UnitTest>
    <UnitTest name="saveNewKundeTest4" storage="c:\users\mexx\desktop\fh\4. semester\swe 2\github\swe2_backoffice\epu-backoffice\backofficetests\bin\debug\backofficetests.dll" id="d5dec836-675c-ce51-4fc0-1bb720503f84">
      <Execution id="5e016fb8-9b31-4aaf-933d-6c944620149d" />
      <TestMethod codeBase="C:/Users/Mexx/Desktop/FH/4. Semester/SWE 2/Github/swe2_backoffice/EPU-Backoffice/BackofficeTests/bin/Debug/BackofficeTests.DLL" adapterTypeName="Microsoft.VisualStudio.TestTools.TestTypes.Unit.UnitTestAdapter, Microsoft.VisualStudio.QualityTools.Tips.UnitTest.Adapter, Version=10.0.0.0, Culture=neutral, PublicKeyToken=b03f5f7f11d50a3a" className="BackofficeTests.GuiDataValidatorTest, BackofficeTests, Version=1.0.0.0, Culture=neutral, PublicKeyToken=null" name="saveNewKundeTest4" />
    </UnitTest>
    <UnitTest name="checkLogfileExistanceTest" storage="c:\users\mexx\desktop\fh\4. semester\swe 2\github\swe2_backoffice\epu-backoffice\backofficetests\bin\debug\backofficetests.dll" id="b2292057-8ef8-0fcf-2f24-3fae36502c01">
      <Execution id="a97938e9-3365-472a-9323-63849a4fe150" />
      <TestMethod codeBase="C:/Users/Mexx/Desktop/FH/4. Semester/SWE 2/Github/swe2_backoffice/EPU-Backoffice/BackofficeTests/bin/Debug/BackofficeTests.DLL" adapterTypeName="Microsoft.VisualStudio.TestTools.TestTypes.Unit.UnitTestAdapter, Microsoft.VisualStudio.QualityTools.Tips.UnitTest.Adapter, Version=10.0.0.0, Culture=neutral, PublicKeyToken=b03f5f7f11d50a3a" className="BackofficeTests.ConfigFileManagerTest, BackofficeTests, Version=1.0.0.0, Culture=neutral, PublicKeyToken=null" name="checkLogfileExistanceTest" />
    </UnitTest>
    <UnitTest name="SaveNewKundeTest" storage="c:\users\mexx\desktop\fh\4. semester\swe 2\github\swe2_backoffice\epu-backoffice\backofficetests\bin\debug\backofficetests.dll" id="e2d50257-2c5d-6cbb-24c4-dee8a47e303e">
      <Execution id="cb21b56c-b9dd-4a82-b5c6-0c155e91dd4f" />
      <TestMethod codeBase="C:/Users/Mexx/Desktop/FH/4. Semester/SWE 2/Github/swe2_backoffice/EPU-Backoffice/BackofficeTests/bin/Debug/BackofficeTests.DLL" adapterTypeName="Microsoft.VisualStudio.TestTools.TestTypes.Unit.UnitTestAdapter, Microsoft.VisualStudio.QualityTools.Tips.UnitTest.Adapter, Version=10.0.0.0, Culture=neutral, PublicKeyToken=b03f5f7f11d50a3a" className="BackofficeTests.MockDataBaseManagerTest, BackofficeTests, Version=1.0.0.0, Culture=neutral, PublicKeyToken=null" name="SaveNewKundeTest" />
    </UnitTest>
    <UnitTest name="saveNewKundeTest2" storage="c:\users\mexx\desktop\fh\4. semester\swe 2\github\swe2_backoffice\epu-backoffice\backofficetests\bin\debug\backofficetests.dll" id="993b5e98-01a2-0823-5578-f64674863af1">
      <Execution id="404bd05a-3b48-40bb-a9f0-75389b5a9f17" />
      <TestMethod codeBase="C:/Users/Mexx/Desktop/FH/4. Semester/SWE 2/Github/swe2_backoffice/EPU-Backoffice/BackofficeTests/bin/Debug/BackofficeTests.DLL" adapterTypeName="Microsoft.VisualStudio.TestTools.TestTypes.Unit.UnitTestAdapter, Microsoft.VisualStudio.QualityTools.Tips.UnitTest.Adapter, Version=10.0.0.0, Culture=neutral, PublicKeyToken=b03f5f7f11d50a3a" className="BackofficeTests.GuiDataValidatorTest, BackofficeTests, Version=1.0.0.0, Culture=neutral, PublicKeyToken=null" name="saveNewKundeTest2" />
    </UnitTest>
    <UnitTest name="MockDataBaseManagerConstructorTest" storage="c:\users\mexx\desktop\fh\4. semester\swe 2\github\swe2_backoffice\epu-backoffice\backofficetests\bin\debug\backofficetests.dll" id="5c2d1abf-ada6-1817-87f9-fcce5d98ce31">
      <Execution id="237200e1-b0cb-4bcc-9054-cb11f81765a1" />
      <TestMethod codeBase="C:/Users/Mexx/Desktop/FH/4. Semester/SWE 2/Github/swe2_backoffice/EPU-Backoffice/BackofficeTests/bin/Debug/BackofficeTests.DLL" adapterTypeName="Microsoft.VisualStudio.TestTools.TestTypes.Unit.UnitTestAdapter, Microsoft.VisualStudio.QualityTools.Tips.UnitTest.Adapter, Version=10.0.0.0, Culture=neutral, PublicKeyToken=b03f5f7f11d50a3a" className="BackofficeTests.MockDataBaseManagerTest, BackofficeTests, Version=1.0.0.0, Culture=neutral, PublicKeyToken=null" name="MockDataBaseManagerConstructorTest" />
    </UnitTest>
  </TestDefinitions>
  <TestLists>
    <TestList name="Results Not in a List" id="8c84fa94-04c1-424b-9868-57a2d4851a1d" />
    <TestList name="All Loaded Results" id="19431567-8539-422a-85d7-44ee4e166bda" />
  </TestLists>
  <TestEntries>
    <TestEntry testId="0e0be8c8-7d1d-4e7c-2e1a-8f223116e776" executionId="534e2ec4-0157-4001-aac1-d19c9b0e3f41" testListId="8c84fa94-04c1-424b-9868-57a2d4851a1d" />
    <TestEntry testId="40a51d21-ad3a-c2bf-e291-bb9c53991aa8" executionId="9cd04059-e9d7-4c13-81d7-1b9621bce9db" testListId="8c84fa94-04c1-424b-9868-57a2d4851a1d" />
    <TestEntry testId="5c2d1abf-ada6-1817-87f9-fcce5d98ce31" executionId="237200e1-b0cb-4bcc-9054-cb11f81765a1" testListId="8c84fa94-04c1-424b-9868-57a2d4851a1d" />
    <TestEntry testId="6970dadb-9f56-c9d4-db6b-6b668bf94610" executionId="d2ea045e-091d-4f8c-aff5-a5c2fafd4fef" testListId="8c84fa94-04c1-424b-9868-57a2d4851a1d" />
    <TestEntry testId="8a8da676-6d8e-ed39-c279-5fd64035d021" executionId="074f0581-b823-4c28-a02b-7e911094175e" testListId="8c84fa94-04c1-424b-9868-57a2d4851a1d" />
    <TestEntry testId="8f61d8a9-73fe-9160-11f3-e7ef4b006af5" executionId="8b395b23-36b5-49ef-98d4-1d51b2f8be84" testListId="8c84fa94-04c1-424b-9868-57a2d4851a1d" />
    <TestEntry testId="993b5e98-01a2-0823-5578-f64674863af1" executionId="404bd05a-3b48-40bb-a9f0-75389b5a9f17" testListId="8c84fa94-04c1-424b-9868-57a2d4851a1d" />
    <TestEntry testId="9b3a540f-3d0d-46ca-3f2c-7cb273f91b2a" executionId="1fbbd2d0-dfa1-4ba8-8624-dda57826a701" testListId="8c84fa94-04c1-424b-9868-57a2d4851a1d" />
    <TestEntry testId="b2292057-8ef8-0fcf-2f24-3fae36502c01" executionId="a97938e9-3365-472a-9323-63849a4fe150" testListId="8c84fa94-04c1-424b-9868-57a2d4851a1d" />
    <TestEntry testId="d5dec836-675c-ce51-4fc0-1bb720503f84" executionId="5e016fb8-9b31-4aaf-933d-6c944620149d" testListId="8c84fa94-04c1-424b-9868-57a2d4851a1d" />
    <TestEntry testId="e2d50257-2c5d-6cbb-24c4-dee8a47e303e" executionId="cb21b56c-b9dd-4a82-b5c6-0c155e91dd4f" testListId="8c84fa94-04c1-424b-9868-57a2d4851a1d" />
  </TestEntries>
  <Results>
    <UnitTestResult executionId="534e2ec4-0157-4001-aac1-d19c9b0e3f41" testId="0e0be8c8-7d1d-4e7c-2e1a-8f223116e776" testName="checkDataBaseExistanceTest1" computerName="MEXX-PC" duration="00:00:00.0181093" startTime="2012-04-03T13:49:55.5798023+02:00" endTime="2012-04-03T13:49:55.8122035+02:00" testType="13cdc9d9-ddb5-4fa4-a97d-d965ccfc6d4b" outcome="Passed" testListId="8c84fa94-04c1-424b-9868-57a2d4851a1d" relativeResultsDirectory="534e2ec4-0157-4001-aac1-d19c9b0e3f41">
    </UnitTestResult>
    <UnitTestResult executionId="9cd04059-e9d7-4c13-81d7-1b9621bce9db" testId="40a51d21-ad3a-c2bf-e291-bb9c53991aa8" testName="saveNewKundeTest0" computerName="MEXX-PC" duration="00:00:00.0197520" startTime="2012-04-03T13:49:55.8278035+02:00" endTime="2012-04-03T13:49:55.8434035+02:00" testType="13cdc9d9-ddb5-4fa4-a97d-d965ccfc6d4b" outcome="Failed" testListId="8c84fa94-04c1-424b-9868-57a2d4851a1d" relativeResultsDirectory="9cd04059-e9d7-4c13-81d7-1b9621bce9db">
      <Output>
        <ErrorInfo>
          <Message>Test method BackofficeTests.GuiDataValidatorTest.saveNewKundeTest0 threw exception: 
System.NullReferenceException: Der Objektverweis wurde nicht auf eine Objektinstanz festgelegt.</Message>
          <StackTrace>    bei EPUBackoffice.Dal.MockDataBaseManager.SaveNewKunde(String lastname, Boolean type, String firstname) in C:\Users\Mexx\Desktop\FH\4. Semester\SWE 2\Github\swe2_backoffice\EPU-Backoffice\EPU-Backoffice\Dal\MockDataBaseManager.cs:Zeile 87.
   bei EPUBackoffice.BL.GuiDataValidator.saveNewKunde(String firstname, String lastname, Boolean type) in C:\Users\Mexx\Desktop\FH\4. Semester\SWE 2\Github\swe2_backoffice\EPU-Backoffice\EPU-Backoffice\BL\GuiDataValidator.cs:Zeile 55.
   bei BackofficeTests.GuiDataValidatorTest.saveNewKundeTest0() in C:\Users\Mexx\Desktop\FH\4. Semester\SWE 2\Github\swe2_backoffice\EPU-Backoffice\BackofficeTests\GuiDataValidatorTest.cs:Zeile 83.
</StackTrace>
        </ErrorInfo>
      </Output>
    </UnitTestResult>
    <UnitTestResult executionId="237200e1-b0cb-4bcc-9054-cb11f81765a1" testId="5c2d1abf-ada6-1817-87f9-fcce5d98ce31" testName="MockDataBaseManagerConstructorTest" computerName="MEXX-PC" duration="00:00:00.0002966" startTime="2012-04-03T13:49:55.8434035+02:00" endTime="2012-04-03T13:49:55.8590036+02:00" testType="13cdc9d9-ddb5-4fa4-a97d-d965ccfc6d4b" outcome="Passed" testListId="8c84fa94-04c1-424b-9868-57a2d4851a1d" relativeResultsDirectory="237200e1-b0cb-4bcc-9054-cb11f81765a1">
    </UnitTestResult>
    <UnitTestResult executionId="d2ea045e-091d-4f8c-aff5-a5c2fafd4fef" testId="6970dadb-9f56-c9d4-db6b-6b668bf94610" testName="checkDataBaseExistanceTest2" computerName="MEXX-PC" duration="00:00:00.0006134" startTime="2012-04-03T13:49:55.8590036+02:00" endTime="2012-04-03T13:49:55.8590036+02:00" testType="13cdc9d9-ddb5-4fa4-a97d-d965ccfc6d4b" outcome="Passed" testListId="8c84fa94-04c1-424b-9868-57a2d4851a1d" relativeResultsDirectory="d2ea045e-091d-4f8c-aff5-a5c2fafd4fef">
    </UnitTestResult>
    <UnitTestResult executionId="074f0581-b823-4c28-a02b-7e911094175e" testId="8a8da676-6d8e-ed39-c279-5fd64035d021" testName="CreateDataBaseTest" computerName="MEXX-PC" duration="00:00:00.0136329" startTime="2012-04-03T13:49:55.8590036+02:00" endTime="2012-04-03T13:49:55.8746036+02:00" testType="13cdc9d9-ddb5-4fa4-a97d-d965ccfc6d4b" outcome="Inconclusive" testListId="8c84fa94-04c1-424b-9868-57a2d4851a1d" relativeResultsDirectory="074f0581-b823-4c28-a02b-7e911094175e">
      <Output>
        <ErrorInfo>
          <Message>Assert.Inconclusive failed. A method that does not return a value cannot be verified.</Message>
          <StackTrace>   bei BackofficeTests.MockDataBaseManagerTest.CreateDataBaseTest() in C:\Users\Mexx\Desktop\FH\4. Semester\SWE 2\Github\swe2_backoffice\EPU-Backoffice\BackofficeTests\MockDataBaseManagerTest.cs:Zeile 89.
</StackTrace>
        </ErrorInfo>
      </Output>
    </UnitTestResult>
    <UnitTestResult executionId="8b395b23-36b5-49ef-98d4-1d51b2f8be84" testId="8f61d8a9-73fe-9160-11f3-e7ef4b006af5" testName="saveNewKundeTest1" computerName="MEXX-PC" duration="00:00:00.0007776" startTime="2012-04-03T13:49:55.8746036+02:00" endTime="2012-04-03T13:49:55.8902036+02:00" testType="13cdc9d9-ddb5-4fa4-a97d-d965ccfc6d4b" outcome="Passed" testListId="8c84fa94-04c1-424b-9868-57a2d4851a1d" relativeResultsDirectory="8b395b23-36b5-49ef-98d4-1d51b2f8be84">
    </UnitTestResult>
    <UnitTestResult executionId="404bd05a-3b48-40bb-a9f0-75389b5a9f17" testId="993b5e98-01a2-0823-5578-f64674863af1" testName="saveNewKundeTest2" computerName="MEXX-PC" duration="00:00:00.0011155" startTime="2012-04-03T13:49:55.8902036+02:00" endTime="2012-04-03T13:49:55.8902036+02:00" testType="13cdc9d9-ddb5-4fa4-a97d-d965ccfc6d4b" outcome="Passed" testListId="8c84fa94-04c1-424b-9868-57a2d4851a1d" relativeResultsDirectory="404bd05a-3b48-40bb-a9f0-75389b5a9f17">
    </UnitTestResult>
    <UnitTestResult executionId="1fbbd2d0-dfa1-4ba8-8624-dda57826a701" testId="9b3a540f-3d0d-46ca-3f2c-7cb273f91b2a" testName="saveNewKundeTest3" computerName="MEXX-PC" duration="00:00:00.0010085" startTime="2012-04-03T13:49:55.8902036+02:00" endTime="2012-04-03T13:49:55.9058036+02:00" testType="13cdc9d9-ddb5-4fa4-a97d-d965ccfc6d4b" outcome="Passed" testListId="8c84fa94-04c1-424b-9868-57a2d4851a1d" relativeResultsDirectory="1fbbd2d0-dfa1-4ba8-8624-dda57826a701">
    </UnitTestResult>
    <UnitTestResult executionId="a97938e9-3365-472a-9323-63849a4fe150" testId="b2292057-8ef8-0fcf-2f24-3fae36502c01" testName="checkLogfileExistanceTest" computerName="MEXX-PC" duration="00:00:00.0012991" startTime="2012-04-03T13:49:55.9058036+02:00" endTime="2012-04-03T13:49:55.9058036+02:00" testType="13cdc9d9-ddb5-4fa4-a97d-d965ccfc6d4b" outcome="Passed" testListId="8c84fa94-04c1-424b-9868-57a2d4851a1d" relativeResultsDirectory="a97938e9-3365-472a-9323-63849a4fe150">
    </UnitTestResult>
    <UnitTestResult executionId="5e016fb8-9b31-4aaf-933d-6c944620149d" testId="d5dec836-675c-ce51-4fc0-1bb720503f84" testName="saveNewKundeTest4" computerName="MEXX-PC" duration="00:00:00.0010073" startTime="2012-04-03T13:49:55.9058036+02:00" endTime="2012-04-03T13:49:55.9214037+02:00" testType="13cdc9d9-ddb5-4fa4-a97d-d965ccfc6d4b" outcome="Passed" testListId="8c84fa94-04c1-424b-9868-57a2d4851a1d" relativeResultsDirectory="5e016fb8-9b31-4aaf-933d-6c944620149d">
    </UnitTestResult>
    <UnitTestResult executionId="cb21b56c-b9dd-4a82-b5c6-0c155e91dd4f" testId="e2d50257-2c5d-6cbb-24c4-dee8a47e303e" testName="SaveNewKundeTest" computerName="MEXX-PC" duration="00:00:00.0018749" startTime="2012-04-03T13:49:55.9214037+02:00" endTime="2012-04-03T13:49:55.9214037+02:00" testType="13cdc9d9-ddb5-4fa4-a97d-d965ccfc6d4b" outcome="Inconclusive" testListId="8c84fa94-04c1-424b-9868-57a2d4851a1d" relativeResultsDirectory="cb21b56c-b9dd-4a82-b5c6-0c155e91dd4f">
      <Output>
        <ErrorInfo>
          <Message>Assert.Inconclusive failed. A method that does not return a value cannot be verified.</Message>
          <StackTrace>   bei BackofficeTests.MockDataBaseManagerTest.SaveNewKundeTest() in C:\Users\Mexx\Desktop\FH\4. Semester\SWE 2\Github\swe2_backoffice\EPU-Backoffice\BackofficeTests\MockDataBaseManagerTest.cs:Zeile 103.
</StackTrace>
        </ErrorInfo>
      </Output>
    </UnitTestResult>
  </Results>
</TestRun>